2012-02-01 13:40:33,058 INFO  [pyramid_rewrite][MainThread] Rewriting url: /gallery/ --> /hepp/gallery/
2012-02-01 13:40:52,457 INFO  [pyramid_rewrite][MainThread] Rewriting url: /favicon.ico --> /hepp/gallery/
2012-02-01 14:13:32,853 INFO  [pyramid_rewrite][MainThread] Matching pattern "/" against "/gallery/" 
2012-02-01 14:13:50,421 INFO  [pyramid_rewrite][MainThread] Rewriting url: /gallery/ --> /hepp/gallery/
2012-02-01 14:13:55,365 INFO  [pyramid_rewrite][MainThread] Matching pattern "/gallery/(?P<subpath>.*)" against "/hepp/gallery/" 
2012-02-01 14:14:04,772 INFO  [pyramid_rewrite][MainThread] Matching pattern "/" against "/static/css/global.css" 
2012-02-01 14:14:04,772 INFO  [pyramid_rewrite][MainThread] Rewriting url: /static/css/global.css --> /hepp/gallery/
2012-02-01 14:14:04,773 INFO  [pyramid_rewrite][MainThread] Matching pattern "/gallery/(?P<subpath>.*)" against "/hepp/gallery/" 
2012-02-01 14:14:07,284 INFO  [pyramid_rewrite][MainThread] Matching pattern "/" against "/static/css/pyGallerid.css" 
2012-02-01 14:14:07,284 INFO  [pyramid_rewrite][MainThread] Rewriting url: /static/css/pyGallerid.css --> /hepp/gallery/
2012-02-01 14:14:07,284 INFO  [pyramid_rewrite][MainThread] Matching pattern "/gallery/(?P<subpath>.*)" against "/hepp/gallery/" 
2012-02-01 14:14:11,085 INFO  [pyramid_rewrite][MainThread] Matching pattern "/" against "/static/js/jquery/jquery.simplemodal.1.4.2.min.js" 
2012-02-01 14:14:11,085 INFO  [pyramid_rewrite][MainThread] Rewriting url: /static/js/jquery/jquery.simplemodal.1.4.2.min.js --> /hepp/gallery/
2012-02-01 14:14:11,085 INFO  [pyramid_rewrite][MainThread] Matching pattern "/gallery/(?P<subpath>.*)" against "/hepp/gallery/" 
2012-02-01 14:14:11,165 INFO  [pyramid_rewrite][MainThread] Matching pattern "/" against "/static/js/pyGallerid.js" 
2012-02-01 14:14:11,166 INFO  [pyramid_rewrite][MainThread] Rewriting url: /static/js/pyGallerid.js --> /hepp/gallery/
2012-02-01 14:14:11,166 INFO  [pyramid_rewrite][MainThread] Matching pattern "/gallery/(?P<subpath>.*)" against "/hepp/gallery/" 
2012-02-01 14:14:11,236 INFO  [pyramid_rewrite][MainThread] Matching pattern "/" against "/_debug_toolbar/static/js/jquery-1.6.4.min.js" 
2012-02-01 14:14:11,236 INFO  [pyramid_rewrite][MainThread] Rewriting url: /_debug_toolbar/static/js/jquery-1.6.4.min.js --> /hepp/gallery/
2012-02-01 14:14:11,237 INFO  [pyramid_rewrite][MainThread] Matching pattern "/gallery/(?P<subpath>.*)" against "/hepp/gallery/" 
2012-02-01 14:14:11,249 INFO  [pyramid_rewrite][MainThread] Matching pattern "/" against "/_debug_toolbar/static/js/toolbar.js" 
2012-02-01 14:14:11,249 INFO  [pyramid_rewrite][MainThread] Rewriting url: /_debug_toolbar/static/js/toolbar.js --> /hepp/gallery/
2012-02-01 14:14:11,249 INFO  [pyramid_rewrite][MainThread] Matching pattern "/gallery/(?P<subpath>.*)" against "/hepp/gallery/" 
2012-02-01 14:14:11,263 INFO  [pyramid_rewrite][MainThread] Matching pattern "/" against "/static/img/spacer.gif" 
2012-02-01 14:14:11,264 INFO  [pyramid_rewrite][MainThread] Rewriting url: /static/img/spacer.gif --> /hepp/gallery/
2012-02-01 14:14:11,264 INFO  [pyramid_rewrite][MainThread] Matching pattern "/gallery/(?P<subpath>.*)" against "/hepp/gallery/" 
2012-02-01 14:14:11,367 INFO  [pyramid_rewrite][MainThread] Matching pattern "/" against "/favicon.ico" 
2012-02-01 14:14:11,367 INFO  [pyramid_rewrite][MainThread] Rewriting url: /favicon.ico --> /hepp/gallery/
2012-02-01 14:14:11,367 INFO  [pyramid_rewrite][MainThread] Matching pattern "/gallery/(?P<subpath>.*)" against "/hepp/gallery/" 
2012-02-01 14:14:13,475 INFO  [pyramid_rewrite][MainThread] Matching pattern "/" against "/gallery/" 
2012-02-01 14:14:13,475 INFO  [pyramid_rewrite][MainThread] Rewriting url: /gallery/ --> /hepp/gallery/
2012-02-01 14:14:13,476 INFO  [pyramid_rewrite][MainThread] Matching pattern "/gallery/(?P<subpath>.*)" against "/hepp/gallery/" 
2012-02-01 14:14:14,677 INFO  [pyramid_rewrite][MainThread] Matching pattern "/" against "/static/css/pyGallerid.css" 
2012-02-01 14:14:14,678 INFO  [pyramid_rewrite][MainThread] Rewriting url: /static/css/pyGallerid.css --> /hepp/gallery/
2012-02-01 14:14:14,678 INFO  [pyramid_rewrite][MainThread] Matching pattern "/gallery/(?P<subpath>.*)" against "/hepp/gallery/" 
2012-02-01 14:14:14,753 INFO  [pyramid_rewrite][MainThread] Matching pattern "/" against "/static/css/global.css" 
2012-02-01 14:14:14,753 INFO  [pyramid_rewrite][MainThread] Rewriting url: /static/css/global.css --> /hepp/gallery/
2012-02-01 14:14:14,753 INFO  [pyramid_rewrite][MainThread] Matching pattern "/gallery/(?P<subpath>.*)" against "/hepp/gallery/" 
2012-02-01 14:14:14,823 INFO  [pyramid_rewrite][MainThread] Matching pattern "/" against "/static/js/jquery/jquery.simplemodal.1.4.2.min.js" 
2012-02-01 14:14:14,823 INFO  [pyramid_rewrite][MainThread] Rewriting url: /static/js/jquery/jquery.simplemodal.1.4.2.min.js --> /hepp/gallery/
2012-02-01 14:14:14,823 INFO  [pyramid_rewrite][MainThread] Matching pattern "/gallery/(?P<subpath>.*)" against "/hepp/gallery/" 
2012-02-01 14:14:14,897 INFO  [pyramid_rewrite][MainThread] Matching pattern "/" against "/static/js/pyGallerid.js" 
2012-02-01 14:14:14,897 INFO  [pyramid_rewrite][MainThread] Rewriting url: /static/js/pyGallerid.js --> /hepp/gallery/
2012-02-01 14:14:14,897 INFO  [pyramid_rewrite][MainThread] Matching pattern "/gallery/(?P<subpath>.*)" against "/hepp/gallery/" 
2012-02-01 14:14:14,965 INFO  [pyramid_rewrite][MainThread] Matching pattern "/" against "/_debug_toolbar/static/js/jquery-1.6.4.min.js" 
2012-02-01 14:14:14,966 INFO  [pyramid_rewrite][MainThread] Rewriting url: /_debug_toolbar/static/js/jquery-1.6.4.min.js --> /hepp/gallery/
2012-02-01 14:14:14,966 INFO  [pyramid_rewrite][MainThread] Matching pattern "/gallery/(?P<subpath>.*)" against "/hepp/gallery/" 
2012-02-01 14:14:14,978 INFO  [pyramid_rewrite][MainThread] Matching pattern "/" against "/_debug_toolbar/static/js/toolbar.js" 
2012-02-01 14:14:14,979 INFO  [pyramid_rewrite][MainThread] Rewriting url: /_debug_toolbar/static/js/toolbar.js --> /hepp/gallery/
2012-02-01 14:14:14,979 INFO  [pyramid_rewrite][MainThread] Matching pattern "/gallery/(?P<subpath>.*)" against "/hepp/gallery/" 
2012-02-01 14:14:14,992 INFO  [pyramid_rewrite][MainThread] Matching pattern "/" against "/static/img/spacer.gif" 
2012-02-01 14:14:14,993 INFO  [pyramid_rewrite][MainThread] Rewriting url: /static/img/spacer.gif --> /hepp/gallery/
2012-02-01 14:14:14,993 INFO  [pyramid_rewrite][MainThread] Matching pattern "/gallery/(?P<subpath>.*)" against "/hepp/gallery/" 
2012-02-01 14:14:15,117 INFO  [pyramid_rewrite][MainThread] Matching pattern "/" against "/favicon.ico" 
2012-02-01 14:14:15,118 INFO  [pyramid_rewrite][MainThread] Rewriting url: /favicon.ico --> /hepp/gallery/
2012-02-01 14:14:15,118 INFO  [pyramid_rewrite][MainThread] Matching pattern "/gallery/(?P<subpath>.*)" against "/hepp/gallery/" 
2012-02-01 14:14:17,251 INFO  [pyramid_rewrite][MainThread] Matching pattern "/" against "/gallery/" 
2012-02-01 14:14:17,252 INFO  [pyramid_rewrite][MainThread] Rewriting url: /gallery/ --> /hepp/gallery/
2012-02-01 14:14:17,252 INFO  [pyramid_rewrite][MainThread] Matching pattern "/gallery/(?P<subpath>.*)" against "/hepp/gallery/" 
2012-02-01 14:14:17,329 INFO  [pyramid_rewrite][MainThread] Matching pattern "/" against "/static/css/global.css" 
2012-02-01 14:14:17,329 INFO  [pyramid_rewrite][MainThread] Rewriting url: /static/css/global.css --> /hepp/gallery/
2012-02-01 14:14:17,329 INFO  [pyramid_rewrite][MainThread] Matching pattern "/gallery/(?P<subpath>.*)" against "/hepp/gallery/" 
2012-02-01 14:14:17,402 INFO  [pyramid_rewrite][MainThread] Matching pattern "/" against "/static/css/pyGallerid.css" 
2012-02-01 14:14:17,402 INFO  [pyramid_rewrite][MainThread] Rewriting url: /static/css/pyGallerid.css --> /hepp/gallery/
2012-02-01 14:14:17,403 INFO  [pyramid_rewrite][MainThread] Matching pattern "/gallery/(?P<subpath>.*)" against "/hepp/gallery/" 
2012-02-01 14:14:17,474 INFO  [pyramid_rewrite][MainThread] Matching pattern "/" against "/static/js/jquery/jquery.simplemodal.1.4.2.min.js" 
2012-02-01 14:14:17,474 INFO  [pyramid_rewrite][MainThread] Rewriting url: /static/js/jquery/jquery.simplemodal.1.4.2.min.js --> /hepp/gallery/
2012-02-01 14:14:17,475 INFO  [pyramid_rewrite][MainThread] Matching pattern "/gallery/(?P<subpath>.*)" against "/hepp/gallery/" 
2012-02-01 14:14:17,543 INFO  [pyramid_rewrite][MainThread] Matching pattern "/" against "/static/js/pyGallerid.js" 
2012-02-01 14:14:17,543 INFO  [pyramid_rewrite][MainThread] Rewriting url: /static/js/pyGallerid.js --> /hepp/gallery/
2012-02-01 14:14:17,543 INFO  [pyramid_rewrite][MainThread] Matching pattern "/gallery/(?P<subpath>.*)" against "/hepp/gallery/" 
2012-02-01 14:14:17,610 INFO  [pyramid_rewrite][MainThread] Matching pattern "/" against "/_debug_toolbar/static/js/jquery-1.6.4.min.js" 
2012-02-01 14:14:17,610 INFO  [pyramid_rewrite][MainThread] Rewriting url: /_debug_toolbar/static/js/jquery-1.6.4.min.js --> /hepp/gallery/
2012-02-01 14:14:17,611 INFO  [pyramid_rewrite][MainThread] Matching pattern "/gallery/(?P<subpath>.*)" against "/hepp/gallery/" 
2012-02-01 14:14:17,622 INFO  [pyramid_rewrite][MainThread] Matching pattern "/" against "/_debug_toolbar/static/js/toolbar.js" 
2012-02-01 14:14:17,623 INFO  [pyramid_rewrite][MainThread] Rewriting url: /_debug_toolbar/static/js/toolbar.js --> /hepp/gallery/
2012-02-01 14:14:17,623 INFO  [pyramid_rewrite][MainThread] Matching pattern "/gallery/(?P<subpath>.*)" against "/hepp/gallery/" 
2012-02-01 14:14:17,646 INFO  [pyramid_rewrite][MainThread] Matching pattern "/" against "/static/img/spacer.gif" 
2012-02-01 14:14:17,646 INFO  [pyramid_rewrite][MainThread] Rewriting url: /static/img/spacer.gif --> /hepp/gallery/
2012-02-01 14:14:17,646 INFO  [pyramid_rewrite][MainThread] Matching pattern "/gallery/(?P<subpath>.*)" against "/hepp/gallery/" 
2012-02-01 14:14:17,738 INFO  [pyramid_rewrite][MainThread] Matching pattern "/" against "/favicon.ico" 
2012-02-01 14:14:17,739 INFO  [pyramid_rewrite][MainThread] Rewriting url: /favicon.ico --> /hepp/gallery/
2012-02-01 14:14:17,739 INFO  [pyramid_rewrite][MainThread] Matching pattern "/gallery/(?P<subpath>.*)" against "/hepp/gallery/" 
2012-02-01 14:14:37,992 INFO  [pyramid_rewrite][MainThread] Matching pattern "/" against "/gallery/" 
2012-02-01 14:14:37,992 INFO  [pyramid_rewrite][MainThread] Rewriting url: /gallery/ --> /hepp/gallery/
2012-02-01 14:14:37,992 INFO  [pyramid_rewrite][MainThread] Matching pattern "/gallery/(?P<subpath>.*)" against "/hepp/gallery/" 
2012-02-01 14:14:38,072 INFO  [pyramid_rewrite][MainThread] Matching pattern "/" against "/static/css/global.css" 
2012-02-01 14:14:38,072 INFO  [pyramid_rewrite][MainThread] Rewriting url: /static/css/global.css --> /hepp/gallery/
2012-02-01 14:14:38,072 INFO  [pyramid_rewrite][MainThread] Matching pattern "/gallery/(?P<subpath>.*)" against "/hepp/gallery/" 
2012-02-01 14:14:38,147 INFO  [pyramid_rewrite][MainThread] Matching pattern "/" against "/static/css/pyGallerid.css" 
2012-02-01 14:14:38,148 INFO  [pyramid_rewrite][MainThread] Rewriting url: /static/css/pyGallerid.css --> /hepp/gallery/
2012-02-01 14:14:38,148 INFO  [pyramid_rewrite][MainThread] Matching pattern "/gallery/(?P<subpath>.*)" against "/hepp/gallery/" 
2012-02-01 14:14:38,223 INFO  [pyramid_rewrite][MainThread] Matching pattern "/" against "/static/js/jquery/jquery.simplemodal.1.4.2.min.js" 
2012-02-01 14:14:38,223 INFO  [pyramid_rewrite][MainThread] Rewriting url: /static/js/jquery/jquery.simplemodal.1.4.2.min.js --> /hepp/gallery/
2012-02-01 14:14:38,227 INFO  [pyramid_rewrite][MainThread] Matching pattern "/gallery/(?P<subpath>.*)" against "/hepp/gallery/" 
2012-02-01 14:14:38,323 INFO  [pyramid_rewrite][MainThread] Matching pattern "/" against "/static/js/pyGallerid.js" 
2012-02-01 14:14:38,323 INFO  [pyramid_rewrite][MainThread] Rewriting url: /static/js/pyGallerid.js --> /hepp/gallery/
2012-02-01 14:14:38,324 INFO  [pyramid_rewrite][MainThread] Matching pattern "/gallery/(?P<subpath>.*)" against "/hepp/gallery/" 
2012-02-01 14:14:38,398 INFO  [pyramid_rewrite][MainThread] Matching pattern "/" against "/_debug_toolbar/static/js/jquery-1.6.4.min.js" 
2012-02-01 14:14:38,398 INFO  [pyramid_rewrite][MainThread] Rewriting url: /_debug_toolbar/static/js/jquery-1.6.4.min.js --> /hepp/gallery/
2012-02-01 14:14:38,398 INFO  [pyramid_rewrite][MainThread] Matching pattern "/gallery/(?P<subpath>.*)" against "/hepp/gallery/" 
2012-02-01 14:14:38,418 INFO  [pyramid_rewrite][MainThread] Matching pattern "/" against "/_debug_toolbar/static/js/toolbar.js" 
2012-02-01 14:14:38,419 INFO  [pyramid_rewrite][MainThread] Rewriting url: /_debug_toolbar/static/js/toolbar.js --> /hepp/gallery/
2012-02-01 14:14:38,419 INFO  [pyramid_rewrite][MainThread] Matching pattern "/gallery/(?P<subpath>.*)" against "/hepp/gallery/" 
2012-02-01 14:14:38,435 INFO  [pyramid_rewrite][MainThread] Matching pattern "/" against "/static/img/spacer.gif" 
2012-02-01 14:14:38,436 INFO  [pyramid_rewrite][MainThread] Rewriting url: /static/img/spacer.gif --> /hepp/gallery/
2012-02-01 14:14:38,436 INFO  [pyramid_rewrite][MainThread] Matching pattern "/gallery/(?P<subpath>.*)" against "/hepp/gallery/" 
2012-02-01 14:14:38,556 INFO  [pyramid_rewrite][MainThread] Matching pattern "/" against "/favicon.ico" 
2012-02-01 14:14:38,556 INFO  [pyramid_rewrite][MainThread] Rewriting url: /favicon.ico --> /hepp/gallery/
2012-02-01 14:14:38,557 INFO  [pyramid_rewrite][MainThread] Matching pattern "/gallery/(?P<subpath>.*)" against "/hepp/gallery/" 
2012-02-01 14:15:39,956 INFO  [pyramid_rewrite][MainThread] Matching pattern "/" against "/gallery/" 
2012-02-01 14:15:39,957 INFO  [pyramid_rewrite][MainThread] Rewriting url: /gallery/ --> /hepp/gallery/
2012-02-01 14:15:39,957 INFO  [pyramid_rewrite][MainThread] Matching pattern "/gallery/(?P<subpath>.*)" against "/hepp/gallery/" 
2012-02-01 14:15:40,627 INFO  [pyramid_rewrite][MainThread] Matching pattern "/" against "/static/css/global.css" 
2012-02-01 14:15:40,628 INFO  [pyramid_rewrite][MainThread] Rewriting url: /static/css/global.css --> /hepp/gallery/
2012-02-01 14:15:40,630 INFO  [pyramid_rewrite][MainThread] Matching pattern "/gallery/(?P<subpath>.*)" against "/hepp/gallery/" 
2012-02-01 14:15:40,724 INFO  [pyramid_rewrite][MainThread] Matching pattern "/" against "/static/css/pyGallerid.css" 
2012-02-01 14:15:40,724 INFO  [pyramid_rewrite][MainThread] Rewriting url: /static/css/pyGallerid.css --> /hepp/gallery/
2012-02-01 14:15:40,725 INFO  [pyramid_rewrite][MainThread] Matching pattern "/gallery/(?P<subpath>.*)" against "/hepp/gallery/" 
2012-02-01 14:15:40,797 INFO  [pyramid_rewrite][MainThread] Matching pattern "/" against "/static/js/jquery/jquery.simplemodal.1.4.2.min.js" 
2012-02-01 14:15:40,798 INFO  [pyramid_rewrite][MainThread] Rewriting url: /static/js/jquery/jquery.simplemodal.1.4.2.min.js --> /hepp/gallery/
2012-02-01 14:15:40,798 INFO  [pyramid_rewrite][MainThread] Matching pattern "/gallery/(?P<subpath>.*)" against "/hepp/gallery/" 
2012-02-01 14:15:40,889 INFO  [pyramid_rewrite][MainThread] Matching pattern "/" against "/static/js/pyGallerid.js" 
2012-02-01 14:15:40,890 INFO  [pyramid_rewrite][MainThread] Rewriting url: /static/js/pyGallerid.js --> /hepp/gallery/
2012-02-01 14:15:40,890 INFO  [pyramid_rewrite][MainThread] Matching pattern "/gallery/(?P<subpath>.*)" against "/hepp/gallery/" 
2012-02-01 14:15:40,994 INFO  [pyramid_rewrite][MainThread] Matching pattern "/" against "/_debug_toolbar/static/js/jquery-1.6.4.min.js" 
2012-02-01 14:15:40,998 INFO  [pyramid_rewrite][MainThread] Rewriting url: /_debug_toolbar/static/js/jquery-1.6.4.min.js --> /hepp/gallery/
2012-02-01 14:15:40,998 INFO  [pyramid_rewrite][MainThread] Matching pattern "/gallery/(?P<subpath>.*)" against "/hepp/gallery/" 
2012-02-01 14:15:41,011 INFO  [pyramid_rewrite][MainThread] Matching pattern "/" against "/_debug_toolbar/static/js/toolbar.js" 
2012-02-01 14:15:41,016 INFO  [pyramid_rewrite][MainThread] Rewriting url: /_debug_toolbar/static/js/toolbar.js --> /hepp/gallery/
2012-02-01 14:15:41,016 INFO  [pyramid_rewrite][MainThread] Matching pattern "/gallery/(?P<subpath>.*)" against "/hepp/gallery/" 
2012-02-01 14:15:41,032 INFO  [pyramid_rewrite][MainThread] Matching pattern "/" against "/static/img/spacer.gif" 
2012-02-01 14:15:41,033 INFO  [pyramid_rewrite][MainThread] Rewriting url: /static/img/spacer.gif --> /hepp/gallery/
2012-02-01 14:15:41,033 INFO  [pyramid_rewrite][MainThread] Matching pattern "/gallery/(?P<subpath>.*)" against "/hepp/gallery/" 
2012-02-01 14:15:41,166 INFO  [pyramid_rewrite][MainThread] Matching pattern "/" against "/favicon.ico" 
2012-02-01 14:15:41,167 INFO  [pyramid_rewrite][MainThread] Rewriting url: /favicon.ico --> /hepp/gallery/
2012-02-01 14:15:41,167 INFO  [pyramid_rewrite][MainThread] Matching pattern "/gallery/(?P<subpath>.*)" against "/hepp/gallery/" 
2012-02-01 14:16:26,803 INFO  [pyramid_rewrite][MainThread] Matching pattern "^/$" against "/gallery/" 
2012-02-01 14:16:26,804 INFO  [pyramid_rewrite][MainThread] Matching pattern "^/gallery/(?P<subpath>.*)$" against "/gallery/" 
2012-02-01 14:16:26,804 INFO  [pyramid_rewrite][MainThread] Rewriting url: /gallery/ --> /hepp/gallery/
2012-02-01 14:16:28,733 INFO  [pyramid_rewrite][MainThread] Matching pattern "^/$" against "/static/css/global.css" 
2012-02-01 14:16:28,734 INFO  [pyramid_rewrite][MainThread] Matching pattern "^/gallery/(?P<subpath>.*)$" against "/static/css/global.css" 
2012-02-01 14:16:28,758 INFO  [pyramid_rewrite][MainThread] Matching pattern "^/$" against "/static/css/pyGallerid.css" 
2012-02-01 14:16:28,759 INFO  [pyramid_rewrite][MainThread] Matching pattern "^/gallery/(?P<subpath>.*)$" against "/static/css/pyGallerid.css" 
2012-02-01 14:16:28,786 INFO  [pyramid_rewrite][MainThread] Matching pattern "^/$" against "/static/js/jquery/jquery.simplemodal.1.4.2.min.js" 
2012-02-01 14:16:28,786 INFO  [pyramid_rewrite][MainThread] Matching pattern "^/gallery/(?P<subpath>.*)$" against "/static/js/jquery/jquery.simplemodal.1.4.2.min.js" 
2012-02-01 14:16:28,827 INFO  [pyramid_rewrite][MainThread] Matching pattern "^/$" against "/static/js/pyGallerid.js" 
2012-02-01 14:16:28,829 INFO  [pyramid_rewrite][MainThread] Matching pattern "^/gallery/(?P<subpath>.*)$" against "/static/js/pyGallerid.js" 
2012-02-01 14:16:28,863 INFO  [pyramid_rewrite][MainThread] Matching pattern "^/$" against "/_debug_toolbar/static/js/jquery-1.6.4.min.js" 
2012-02-01 14:16:28,863 INFO  [pyramid_rewrite][MainThread] Matching pattern "^/gallery/(?P<subpath>.*)$" against "/_debug_toolbar/static/js/jquery-1.6.4.min.js" 
2012-02-01 14:16:28,915 INFO  [pyramid_rewrite][MainThread] Matching pattern "^/$" against "/_debug_toolbar/static/js/toolbar.js" 
2012-02-01 14:16:28,915 INFO  [pyramid_rewrite][MainThread] Matching pattern "^/gallery/(?P<subpath>.*)$" against "/_debug_toolbar/static/js/toolbar.js" 
2012-02-01 14:16:28,939 INFO  [pyramid_rewrite][MainThread] Matching pattern "^/$" against "/static/img/spacer.gif" 
2012-02-01 14:16:28,941 INFO  [pyramid_rewrite][MainThread] Matching pattern "^/gallery/(?P<subpath>.*)$" against "/static/img/spacer.gif" 
2012-02-01 14:16:28,989 INFO  [pyramid_rewrite][MainThread] Matching pattern "^/$" against "/_debug_toolbar/static/css/toolbar.css" 
2012-02-01 14:16:28,989 INFO  [pyramid_rewrite][MainThread] Matching pattern "^/gallery/(?P<subpath>.*)$" against "/_debug_toolbar/static/css/toolbar.css" 
2012-02-01 14:16:29,106 INFO  [pyramid_rewrite][MainThread] Matching pattern "^/$" against "/pictures/New Zealand/2009 Sep 5-6 Ocean Peak/small/DSC02779.JPG" 
2012-02-01 14:16:29,106 INFO  [pyramid_rewrite][MainThread] Matching pattern "^/gallery/(?P<subpath>.*)$" against "/pictures/New Zealand/2009 Sep 5-6 Ocean Peak/small/DSC02779.JPG" 
2012-02-01 14:16:29,113 INFO  [pyramid_rewrite][MainThread] Matching pattern "^/$" against "/_debug_toolbar/static/img/djdt_vertical.png" 
2012-02-01 14:16:29,118 INFO  [pyramid_rewrite][MainThread] Matching pattern "^/gallery/(?P<subpath>.*)$" against "/_debug_toolbar/static/img/djdt_vertical.png" 
2012-02-01 14:16:29,204 INFO  [pyramid_rewrite][MainThread] Matching pattern "^/$" against "/favicon.ico" 
2012-02-01 14:16:29,205 INFO  [pyramid_rewrite][MainThread] Matching pattern "^/gallery/(?P<subpath>.*)$" against "/favicon.ico" 
2012-02-01 14:16:32,323 INFO  [pyramid_rewrite][MainThread] Matching pattern "^/$" against "/gallery/" 
2012-02-01 14:16:32,323 INFO  [pyramid_rewrite][MainThread] Matching pattern "^/gallery/(?P<subpath>.*)$" against "/gallery/" 
2012-02-01 14:16:32,323 INFO  [pyramid_rewrite][MainThread] Rewriting url: /gallery/ --> /hepp/gallery/
2012-02-01 14:16:32,401 INFO  [pyramid_rewrite][MainThread] Matching pattern "^/$" against "/static/css/global.css" 
2012-02-01 14:16:32,405 INFO  [pyramid_rewrite][MainThread] Matching pattern "^/gallery/(?P<subpath>.*)$" against "/static/css/global.css" 
2012-02-01 14:16:32,413 INFO  [pyramid_rewrite][MainThread] Matching pattern "^/$" against "/static/css/pyGallerid.css" 
2012-02-01 14:16:32,414 INFO  [pyramid_rewrite][MainThread] Matching pattern "^/gallery/(?P<subpath>.*)$" against "/static/css/pyGallerid.css" 
2012-02-01 14:16:32,426 INFO  [pyramid_rewrite][MainThread] Matching pattern "^/$" against "/static/js/jquery/jquery.simplemodal.1.4.2.min.js" 
2012-02-01 14:16:32,426 INFO  [pyramid_rewrite][MainThread] Matching pattern "^/gallery/(?P<subpath>.*)$" against "/static/js/jquery/jquery.simplemodal.1.4.2.min.js" 
2012-02-01 14:16:32,433 INFO  [pyramid_rewrite][MainThread] Matching pattern "^/$" against "/static/js/pyGallerid.js" 
2012-02-01 14:16:32,433 INFO  [pyramid_rewrite][MainThread] Matching pattern "^/gallery/(?P<subpath>.*)$" against "/static/js/pyGallerid.js" 
2012-02-01 14:16:32,439 INFO  [pyramid_rewrite][MainThread] Matching pattern "^/$" against "/_debug_toolbar/static/js/jquery-1.6.4.min.js" 
2012-02-01 14:16:32,441 INFO  [pyramid_rewrite][MainThread] Matching pattern "^/gallery/(?P<subpath>.*)$" against "/_debug_toolbar/static/js/jquery-1.6.4.min.js" 
2012-02-01 14:16:32,448 INFO  [pyramid_rewrite][MainThread] Matching pattern "^/$" against "/_debug_toolbar/static/js/toolbar.js" 
2012-02-01 14:16:32,448 INFO  [pyramid_rewrite][MainThread] Matching pattern "^/gallery/(?P<subpath>.*)$" against "/_debug_toolbar/static/js/toolbar.js" 
2012-02-01 14:16:32,463 INFO  [pyramid_rewrite][MainThread] Matching pattern "^/$" against "/static/img/spacer.gif" 
2012-02-01 14:16:32,464 INFO  [pyramid_rewrite][MainThread] Matching pattern "^/gallery/(?P<subpath>.*)$" against "/static/img/spacer.gif" 
2012-02-01 14:16:32,559 INFO  [pyramid_rewrite][MainThread] Matching pattern "^/$" against "/_debug_toolbar/static/css/toolbar.css" 
2012-02-01 14:16:32,560 INFO  [pyramid_rewrite][MainThread] Matching pattern "^/gallery/(?P<subpath>.*)$" against "/_debug_toolbar/static/css/toolbar.css" 
2012-02-01 14:16:32,654 INFO  [pyramid_rewrite][MainThread] Matching pattern "^/$" against "/pictures/New Zealand/2009 Sep 5-6 Ocean Peak/small/DSC02779.JPG" 
2012-02-01 14:16:32,655 INFO  [pyramid_rewrite][MainThread] Matching pattern "^/gallery/(?P<subpath>.*)$" against "/pictures/New Zealand/2009 Sep 5-6 Ocean Peak/small/DSC02779.JPG" 
2012-02-01 14:16:32,678 INFO  [pyramid_rewrite][MainThread] Matching pattern "^/$" against "/_debug_toolbar/static/img/djdt_vertical.png" 
2012-02-01 14:16:32,678 INFO  [pyramid_rewrite][MainThread] Matching pattern "^/gallery/(?P<subpath>.*)$" against "/_debug_toolbar/static/img/djdt_vertical.png" 
2012-02-01 14:18:45,763 INFO  [pyramid_rewrite][MainThread] Matching pattern "/" against "/gallery/" 
2012-02-01 14:18:45,763 INFO  [pyramid_rewrite][MainThread] Matching pattern "/favicon.ico" against "/gallery/" 
2012-02-01 14:18:45,763 INFO  [pyramid_rewrite][MainThread] Matching pattern "/gallery/(?P<subpath>.*)" against "/gallery/" 
2012-02-01 14:18:45,764 INFO  [pyramid_rewrite][MainThread] Rewriting url: /gallery/ --> /hepp/gallery/
2012-02-01 14:18:46,312 INFO  [pyramid_rewrite][MainThread] Matching pattern "/" against "/static/css/global.css" 
2012-02-01 14:18:46,312 INFO  [pyramid_rewrite][MainThread] Matching pattern "/favicon.ico" against "/static/css/global.css" 
2012-02-01 14:18:46,315 INFO  [pyramid_rewrite][MainThread] Matching pattern "/gallery/(?P<subpath>.*)" against "/static/css/global.css" 
2012-02-01 14:18:46,326 INFO  [pyramid_rewrite][MainThread] Matching pattern "/" against "/static/css/pyGallerid.css" 
2012-02-01 14:18:46,326 INFO  [pyramid_rewrite][MainThread] Matching pattern "/favicon.ico" against "/static/css/pyGallerid.css" 
2012-02-01 14:18:46,327 INFO  [pyramid_rewrite][MainThread] Matching pattern "/gallery/(?P<subpath>.*)" against "/static/css/pyGallerid.css" 
2012-02-01 14:18:46,337 INFO  [pyramid_rewrite][MainThread] Matching pattern "/" against "/static/js/jquery/jquery.simplemodal.1.4.2.min.js" 
2012-02-01 14:18:46,340 INFO  [pyramid_rewrite][MainThread] Matching pattern "/favicon.ico" against "/static/js/jquery/jquery.simplemodal.1.4.2.min.js" 
2012-02-01 14:18:46,341 INFO  [pyramid_rewrite][MainThread] Matching pattern "/gallery/(?P<subpath>.*)" against "/static/js/jquery/jquery.simplemodal.1.4.2.min.js" 
2012-02-01 14:18:46,353 INFO  [pyramid_rewrite][MainThread] Matching pattern "/" against "/static/js/pyGallerid.js" 
2012-02-01 14:18:46,355 INFO  [pyramid_rewrite][MainThread] Matching pattern "/favicon.ico" against "/static/js/pyGallerid.js" 
2012-02-01 14:18:46,356 INFO  [pyramid_rewrite][MainThread] Matching pattern "/gallery/(?P<subpath>.*)" against "/static/js/pyGallerid.js" 
2012-02-01 14:18:46,363 INFO  [pyramid_rewrite][MainThread] Matching pattern "/" against "/_debug_toolbar/static/js/jquery-1.6.4.min.js" 
2012-02-01 14:18:46,364 INFO  [pyramid_rewrite][MainThread] Matching pattern "/favicon.ico" against "/_debug_toolbar/static/js/jquery-1.6.4.min.js" 
2012-02-01 14:18:46,368 INFO  [pyramid_rewrite][MainThread] Matching pattern "/gallery/(?P<subpath>.*)" against "/_debug_toolbar/static/js/jquery-1.6.4.min.js" 
2012-02-01 14:18:46,374 INFO  [pyramid_rewrite][MainThread] Matching pattern "/" against "/_debug_toolbar/static/js/toolbar.js" 
2012-02-01 14:18:46,374 INFO  [pyramid_rewrite][MainThread] Matching pattern "/favicon.ico" against "/_debug_toolbar/static/js/toolbar.js" 
2012-02-01 14:18:46,375 INFO  [pyramid_rewrite][MainThread] Matching pattern "/gallery/(?P<subpath>.*)" against "/_debug_toolbar/static/js/toolbar.js" 
2012-02-01 14:18:46,385 INFO  [pyramid_rewrite][MainThread] Matching pattern "/" against "/static/img/spacer.gif" 
2012-02-01 14:18:46,386 INFO  [pyramid_rewrite][MainThread] Matching pattern "/favicon.ico" against "/static/img/spacer.gif" 
2012-02-01 14:18:46,386 INFO  [pyramid_rewrite][MainThread] Matching pattern "/gallery/(?P<subpath>.*)" against "/static/img/spacer.gif" 
2012-02-01 14:18:46,471 INFO  [pyramid_rewrite][MainThread] Matching pattern "/" against "/_debug_toolbar/static/css/toolbar.css" 
2012-02-01 14:18:46,471 INFO  [pyramid_rewrite][MainThread] Matching pattern "/favicon.ico" against "/_debug_toolbar/static/css/toolbar.css" 
2012-02-01 14:18:46,472 INFO  [pyramid_rewrite][MainThread] Matching pattern "/gallery/(?P<subpath>.*)" against "/_debug_toolbar/static/css/toolbar.css" 
2012-02-01 14:18:46,572 INFO  [pyramid_rewrite][MainThread] Matching pattern "/" against "/pictures/New Zealand/2009 Sep 5-6 Ocean Peak/small/DSC02779.JPG" 
2012-02-01 14:18:46,572 INFO  [pyramid_rewrite][MainThread] Matching pattern "/favicon.ico" against "/pictures/New Zealand/2009 Sep 5-6 Ocean Peak/small/DSC02779.JPG" 
2012-02-01 14:18:46,573 INFO  [pyramid_rewrite][MainThread] Matching pattern "/gallery/(?P<subpath>.*)" against "/pictures/New Zealand/2009 Sep 5-6 Ocean Peak/small/DSC02779.JPG" 
2012-02-01 14:18:46,594 INFO  [pyramid_rewrite][MainThread] Matching pattern "/" against "/_debug_toolbar/static/img/djdt_vertical.png" 
2012-02-01 14:18:46,600 INFO  [pyramid_rewrite][MainThread] Matching pattern "/favicon.ico" against "/_debug_toolbar/static/img/djdt_vertical.png" 
2012-02-01 14:18:46,600 INFO  [pyramid_rewrite][MainThread] Matching pattern "/gallery/(?P<subpath>.*)" against "/_debug_toolbar/static/img/djdt_vertical.png" 
2012-02-01 14:18:52,283 INFO  [pyramid_rewrite][MainThread] Matching pattern "/" against "/gallery/hepp/" 
2012-02-01 14:18:52,284 INFO  [pyramid_rewrite][MainThread] Matching pattern "/favicon.ico" against "/gallery/hepp/" 
2012-02-01 14:18:52,284 INFO  [pyramid_rewrite][MainThread] Matching pattern "/gallery/(?P<subpath>.*)" against "/gallery/hepp/" 
2012-02-01 14:18:52,284 INFO  [pyramid_rewrite][MainThread] Rewriting url: /gallery/hepp/ --> /hepp/gallery/hepp/
2012-02-01 14:18:52,423 INFO  [pyramid_rewrite][MainThread] Matching pattern "/" against "/_debug_toolbar/static/css/toolbar.css" 
2012-02-01 14:18:52,423 INFO  [pyramid_rewrite][MainThread] Matching pattern "/favicon.ico" against "/_debug_toolbar/static/css/toolbar.css" 
2012-02-01 14:18:52,424 INFO  [pyramid_rewrite][MainThread] Matching pattern "/gallery/(?P<subpath>.*)" against "/_debug_toolbar/static/css/toolbar.css" 
2012-02-01 14:18:58,794 INFO  [pyramid_rewrite][MainThread] Matching pattern "/" against "/gallery/New Zealand" 
2012-02-01 14:18:58,795 INFO  [pyramid_rewrite][MainThread] Matching pattern "/favicon.ico" against "/gallery/New Zealand" 
2012-02-01 14:18:58,795 INFO  [pyramid_rewrite][MainThread] Matching pattern "/gallery/(?P<subpath>.*)" against "/gallery/New Zealand" 
2012-02-01 14:18:58,796 INFO  [pyramid_rewrite][MainThread] Rewriting url: /gallery/New Zealand --> /hepp/gallery/New Zealand
2012-02-01 14:18:59,015 INFO  [pyramid_rewrite][MainThread] Matching pattern "/" against "/_debug_toolbar/static/css/toolbar.css" 
2012-02-01 14:18:59,015 INFO  [pyramid_rewrite][MainThread] Matching pattern "/favicon.ico" against "/_debug_toolbar/static/css/toolbar.css" 
2012-02-01 14:18:59,016 INFO  [pyramid_rewrite][MainThread] Matching pattern "/gallery/(?P<subpath>.*)" against "/_debug_toolbar/static/css/toolbar.css" 
2012-02-01 14:19:01,469 INFO  [pyramid_rewrite][MainThread] Matching pattern "/" against "/hepp/gallery/@@" 
2012-02-01 14:19:01,469 INFO  [pyramid_rewrite][MainThread] Matching pattern "/favicon.ico" against "/hepp/gallery/@@" 
2012-02-01 14:19:01,470 INFO  [pyramid_rewrite][MainThread] Matching pattern "/gallery/(?P<subpath>.*)" against "/hepp/gallery/@@" 
2012-02-01 14:19:01,716 INFO  [pyramid_rewrite][MainThread] Matching pattern "/" against "/_debug_toolbar/static/css/toolbar.css" 
2012-02-01 14:19:01,717 INFO  [pyramid_rewrite][MainThread] Matching pattern "/favicon.ico" against "/_debug_toolbar/static/css/toolbar.css" 
2012-02-01 14:19:01,717 INFO  [pyramid_rewrite][MainThread] Matching pattern "/gallery/(?P<subpath>.*)" against "/_debug_toolbar/static/css/toolbar.css" 
2012-02-01 14:19:04,152 INFO  [pyramid_rewrite][MainThread] Matching pattern "/" against "/_debug_toolbar/static/css/toolbar.css" 
2012-02-01 14:19:04,152 INFO  [pyramid_rewrite][MainThread] Matching pattern "/favicon.ico" against "/_debug_toolbar/static/css/toolbar.css" 
2012-02-01 14:19:04,153 INFO  [pyramid_rewrite][MainThread] Matching pattern "/gallery/(?P<subpath>.*)" against "/_debug_toolbar/static/css/toolbar.css" 
2012-02-01 14:19:04,374 INFO  [pyramid_rewrite][MainThread] Matching pattern "/" against "/_debug_toolbar/static/css/toolbar.css" 
2012-02-01 14:19:04,374 INFO  [pyramid_rewrite][MainThread] Matching pattern "/favicon.ico" against "/_debug_toolbar/static/css/toolbar.css" 
2012-02-01 14:19:04,375 INFO  [pyramid_rewrite][MainThread] Matching pattern "/gallery/(?P<subpath>.*)" against "/_debug_toolbar/static/css/toolbar.css" 
2012-02-01 14:19:07,367 INFO  [pyramid_rewrite][MainThread] Matching pattern "/" against "/favicon.ico" 
2012-02-01 14:19:07,368 INFO  [pyramid_rewrite][MainThread] Matching pattern "/favicon.ico" against "/favicon.ico" 
2012-02-01 14:19:07,369 INFO  [pyramid_rewrite][MainThread] Rewriting url: /favicon.ico --> /static/favicon.ico
2012-02-01 14:19:07,370 INFO  [pyramid_rewrite][MainThread] Matching pattern "/gallery/(?P<subpath>.*)" against "/static/favicon.ico" 
2012-02-01 14:19:09,143 INFO  [pyramid_rewrite][MainThread] Matching pattern "/" against "/_debug_toolbar/static/css/toolbar.css" 
2012-02-01 14:19:09,144 INFO  [pyramid_rewrite][MainThread] Matching pattern "/favicon.ico" against "/_debug_toolbar/static/css/toolbar.css" 
2012-02-01 14:19:09,144 INFO  [pyramid_rewrite][MainThread] Matching pattern "/gallery/(?P<subpath>.*)" against "/_debug_toolbar/static/css/toolbar.css" 
2012-02-01 14:19:13,325 INFO  [pyramid_rewrite][MainThread] Matching pattern "/" against "/favicon.ico" 
2012-02-01 14:19:13,326 INFO  [pyramid_rewrite][MainThread] Matching pattern "/favicon.ico" against "/favicon.ico" 
2012-02-01 14:19:13,326 INFO  [pyramid_rewrite][MainThread] Rewriting url: /favicon.ico --> /static/favicon.ico
2012-02-01 14:19:13,326 INFO  [pyramid_rewrite][MainThread] Matching pattern "/gallery/(?P<subpath>.*)" against "/static/favicon.ico" 
2012-02-01 14:19:39,656 INFO  [pyramid_rewrite][MainThread] Matching pattern "/" against "/favicon.ico" 
2012-02-01 14:19:39,657 INFO  [pyramid_rewrite][MainThread] Matching pattern "/favicon.ico" against "/favicon.ico" 
2012-02-01 14:19:39,657 INFO  [pyramid_rewrite][MainThread] Rewriting url: /favicon.ico --> /static/favicon.ico
2012-02-01 14:19:39,658 INFO  [pyramid_rewrite][MainThread] Matching pattern "/gallery/(?P<subpath>.*)" against "/static/favicon.ico" 
2012-02-01 14:19:41,448 INFO  [pyramid_rewrite][MainThread] Matching pattern "/" against "/" 
2012-02-01 14:19:41,448 INFO  [pyramid_rewrite][MainThread] Rewriting url: / --> /hepp/gallery/
2012-02-01 14:19:41,449 INFO  [pyramid_rewrite][MainThread] Matching pattern "/favicon.ico" against "/hepp/gallery/" 
2012-02-01 14:19:41,449 INFO  [pyramid_rewrite][MainThread] Matching pattern "/gallery/(?P<subpath>.*)" against "/hepp/gallery/" 
2012-02-01 14:19:42,070 INFO  [pyramid_rewrite][MainThread] Matching pattern "/" against "/_debug_toolbar/static/css/toolbar.css" 
2012-02-01 14:19:42,071 INFO  [pyramid_rewrite][MainThread] Matching pattern "/favicon.ico" against "/_debug_toolbar/static/css/toolbar.css" 
2012-02-01 14:19:42,071 INFO  [pyramid_rewrite][MainThread] Matching pattern "/gallery/(?P<subpath>.*)" against "/_debug_toolbar/static/css/toolbar.css" 
2012-02-01 14:19:42,687 INFO  [pyramid_rewrite][MainThread] Matching pattern "/" against "/" 
2012-02-01 14:19:42,688 INFO  [pyramid_rewrite][MainThread] Rewriting url: / --> /hepp/gallery/
2012-02-01 14:19:42,688 INFO  [pyramid_rewrite][MainThread] Matching pattern "/favicon.ico" against "/hepp/gallery/" 
2012-02-01 14:19:42,689 INFO  [pyramid_rewrite][MainThread] Matching pattern "/gallery/(?P<subpath>.*)" against "/hepp/gallery/" 
2012-02-01 14:19:42,777 INFO  [pyramid_rewrite][MainThread] Matching pattern "/" against "/static/css/global.css" 
2012-02-01 14:19:42,777 INFO  [pyramid_rewrite][MainThread] Matching pattern "/favicon.ico" against "/static/css/global.css" 
2012-02-01 14:19:42,777 INFO  [pyramid_rewrite][MainThread] Matching pattern "/gallery/(?P<subpath>.*)" against "/static/css/global.css" 
2012-02-01 14:19:42,786 INFO  [pyramid_rewrite][MainThread] Matching pattern "/" against "/static/css/pyGallerid.css" 
2012-02-01 14:19:42,786 INFO  [pyramid_rewrite][MainThread] Matching pattern "/favicon.ico" against "/static/css/pyGallerid.css" 
2012-02-01 14:19:42,789 INFO  [pyramid_rewrite][MainThread] Matching pattern "/gallery/(?P<subpath>.*)" against "/static/css/pyGallerid.css" 
2012-02-01 14:19:42,817 INFO  [pyramid_rewrite][MainThread] Matching pattern "/" against "/static/img/spacer.gif" 
2012-02-01 14:19:42,817 INFO  [pyramid_rewrite][MainThread] Matching pattern "/favicon.ico" against "/static/img/spacer.gif" 
2012-02-01 14:19:42,820 INFO  [pyramid_rewrite][MainThread] Matching pattern "/gallery/(?P<subpath>.*)" against "/static/img/spacer.gif" 
2012-02-01 14:19:42,827 INFO  [pyramid_rewrite][MainThread] Matching pattern "/" against "/static/js/jquery/jquery.simplemodal.1.4.2.min.js" 
2012-02-01 14:19:42,828 INFO  [pyramid_rewrite][MainThread] Matching pattern "/favicon.ico" against "/static/js/jquery/jquery.simplemodal.1.4.2.min.js" 
2012-02-01 14:19:42,828 INFO  [pyramid_rewrite][MainThread] Matching pattern "/gallery/(?P<subpath>.*)" against "/static/js/jquery/jquery.simplemodal.1.4.2.min.js" 
2012-02-01 14:19:42,835 INFO  [pyramid_rewrite][MainThread] Matching pattern "/" against "/static/js/pyGallerid.js" 
2012-02-01 14:19:42,835 INFO  [pyramid_rewrite][MainThread] Matching pattern "/favicon.ico" against "/static/js/pyGallerid.js" 
2012-02-01 14:19:42,837 INFO  [pyramid_rewrite][MainThread] Matching pattern "/gallery/(?P<subpath>.*)" against "/static/js/pyGallerid.js" 
2012-02-01 14:19:42,844 INFO  [pyramid_rewrite][MainThread] Matching pattern "/" against "/_debug_toolbar/static/js/jquery-1.6.4.min.js" 
2012-02-01 14:19:42,844 INFO  [pyramid_rewrite][MainThread] Matching pattern "/favicon.ico" against "/_debug_toolbar/static/js/jquery-1.6.4.min.js" 
2012-02-01 14:19:42,844 INFO  [pyramid_rewrite][MainThread] Matching pattern "/gallery/(?P<subpath>.*)" against "/_debug_toolbar/static/js/jquery-1.6.4.min.js" 
2012-02-01 14:19:42,850 INFO  [pyramid_rewrite][MainThread] Matching pattern "/" against "/_debug_toolbar/static/js/toolbar.js" 
2012-02-01 14:19:42,850 INFO  [pyramid_rewrite][MainThread] Matching pattern "/favicon.ico" against "/_debug_toolbar/static/js/toolbar.js" 
2012-02-01 14:19:42,851 INFO  [pyramid_rewrite][MainThread] Matching pattern "/gallery/(?P<subpath>.*)" against "/_debug_toolbar/static/js/toolbar.js" 
2012-02-01 14:19:42,958 INFO  [pyramid_rewrite][MainThread] Matching pattern "/" against "/_debug_toolbar/static/css/toolbar.css" 
2012-02-01 14:19:42,958 INFO  [pyramid_rewrite][MainThread] Matching pattern "/favicon.ico" against "/_debug_toolbar/static/css/toolbar.css" 
2012-02-01 14:19:42,958 INFO  [pyramid_rewrite][MainThread] Matching pattern "/gallery/(?P<subpath>.*)" against "/_debug_toolbar/static/css/toolbar.css" 
2012-02-01 14:19:43,060 INFO  [pyramid_rewrite][MainThread] Matching pattern "/" against "/pictures/New Zealand/2009 Sep 5-6 Ocean Peak/small/DSC02779.JPG" 
2012-02-01 14:19:43,060 INFO  [pyramid_rewrite][MainThread] Matching pattern "/favicon.ico" against "/pictures/New Zealand/2009 Sep 5-6 Ocean Peak/small/DSC02779.JPG" 
2012-02-01 14:19:43,060 INFO  [pyramid_rewrite][MainThread] Matching pattern "/gallery/(?P<subpath>.*)" against "/pictures/New Zealand/2009 Sep 5-6 Ocean Peak/small/DSC02779.JPG" 
2012-02-01 14:19:43,080 INFO  [pyramid_rewrite][MainThread] Matching pattern "/" against "/_debug_toolbar/static/img/djdt_vertical.png" 
2012-02-01 14:19:43,080 INFO  [pyramid_rewrite][MainThread] Matching pattern "/favicon.ico" against "/_debug_toolbar/static/img/djdt_vertical.png" 
2012-02-01 14:19:43,081 INFO  [pyramid_rewrite][MainThread] Matching pattern "/gallery/(?P<subpath>.*)" against "/_debug_toolbar/static/img/djdt_vertical.png" 
2012-02-01 15:05:52,297 INFO  [pyramid_rewrite][MainThread] Matching pattern "/" against "/" 
2012-02-01 15:05:52,297 INFO  [pyramid_rewrite][MainThread] Rewriting url: / --> /hepp/gallery/
2012-02-01 15:05:52,297 INFO  [pyramid_rewrite][MainThread] Matching pattern "/favicon.ico" against "/hepp/gallery/" 
2012-02-01 15:05:52,298 INFO  [pyramid_rewrite][MainThread] Matching pattern "/gallery/(?P<subpath>.*)" against "/hepp/gallery/" 
2012-02-01 15:05:52,955 INFO  [pyramid_rewrite][MainThread] Matching pattern "/" against "/static/css/global.css" 
2012-02-01 15:05:52,963 INFO  [pyramid_rewrite][MainThread] Matching pattern "/favicon.ico" against "/static/css/global.css" 
2012-02-01 15:05:52,964 INFO  [pyramid_rewrite][MainThread] Matching pattern "/gallery/(?P<subpath>.*)" against "/static/css/global.css" 
2012-02-01 15:05:52,974 INFO  [pyramid_rewrite][MainThread] Matching pattern "/" against "/static/css/pyGallerid.css" 
2012-02-01 15:05:52,976 INFO  [pyramid_rewrite][MainThread] Matching pattern "/favicon.ico" against "/static/css/pyGallerid.css" 
2012-02-01 15:05:52,977 INFO  [pyramid_rewrite][MainThread] Matching pattern "/gallery/(?P<subpath>.*)" against "/static/css/pyGallerid.css" 
2012-02-01 15:05:52,984 INFO  [pyramid_rewrite][MainThread] Matching pattern "/" against "/static/js/jquery/jquery.simplemodal.1.4.2.min.js" 
2012-02-01 15:05:52,989 INFO  [pyramid_rewrite][MainThread] Matching pattern "/favicon.ico" against "/static/js/jquery/jquery.simplemodal.1.4.2.min.js" 
2012-02-01 15:05:52,990 INFO  [pyramid_rewrite][MainThread] Matching pattern "/gallery/(?P<subpath>.*)" against "/static/js/jquery/jquery.simplemodal.1.4.2.min.js" 
2012-02-01 15:05:52,996 INFO  [pyramid_rewrite][MainThread] Matching pattern "/" against "/static/js/pyGallerid.js" 
2012-02-01 15:05:52,997 INFO  [pyramid_rewrite][MainThread] Matching pattern "/favicon.ico" against "/static/js/pyGallerid.js" 
2012-02-01 15:05:52,999 INFO  [pyramid_rewrite][MainThread] Matching pattern "/gallery/(?P<subpath>.*)" against "/static/js/pyGallerid.js" 
2012-02-01 15:05:53,010 INFO  [pyramid_rewrite][MainThread] Matching pattern "/" against "/_debug_toolbar/static/js/jquery-1.6.4.min.js" 
2012-02-01 15:05:53,010 INFO  [pyramid_rewrite][MainThread] Matching pattern "/favicon.ico" against "/_debug_toolbar/static/js/jquery-1.6.4.min.js" 
2012-02-01 15:05:53,011 INFO  [pyramid_rewrite][MainThread] Matching pattern "/gallery/(?P<subpath>.*)" against "/_debug_toolbar/static/js/jquery-1.6.4.min.js" 
2012-02-01 15:05:53,016 INFO  [pyramid_rewrite][MainThread] Matching pattern "/" against "/_debug_toolbar/static/js/toolbar.js" 
2012-02-01 15:05:53,017 INFO  [pyramid_rewrite][MainThread] Matching pattern "/favicon.ico" against "/_debug_toolbar/static/js/toolbar.js" 
2012-02-01 15:05:53,019 INFO  [pyramid_rewrite][MainThread] Matching pattern "/gallery/(?P<subpath>.*)" against "/_debug_toolbar/static/js/toolbar.js" 
2012-02-01 15:05:53,026 INFO  [pyramid_rewrite][MainThread] Matching pattern "/" against "/static/img/spacer.gif" 
2012-02-01 15:05:53,030 INFO  [pyramid_rewrite][MainThread] Matching pattern "/favicon.ico" against "/static/img/spacer.gif" 
2012-02-01 15:05:53,031 INFO  [pyramid_rewrite][MainThread] Matching pattern "/gallery/(?P<subpath>.*)" against "/static/img/spacer.gif" 
2012-02-01 15:05:53,179 INFO  [pyramid_rewrite][MainThread] Matching pattern "/" against "/_debug_toolbar/static/css/toolbar.css" 
2012-02-01 15:05:53,179 INFO  [pyramid_rewrite][MainThread] Matching pattern "/favicon.ico" against "/_debug_toolbar/static/css/toolbar.css" 
2012-02-01 15:05:53,179 INFO  [pyramid_rewrite][MainThread] Matching pattern "/gallery/(?P<subpath>.*)" against "/_debug_toolbar/static/css/toolbar.css" 
2012-02-01 15:05:53,340 INFO  [pyramid_rewrite][MainThread] Matching pattern "/" against "/pictures/New Zealand/2009 Sep 5-6 Ocean Peak/small/DSC02779.JPG" 
2012-02-01 15:05:53,341 INFO  [pyramid_rewrite][MainThread] Matching pattern "/favicon.ico" against "/pictures/New Zealand/2009 Sep 5-6 Ocean Peak/small/DSC02779.JPG" 
2012-02-01 15:05:53,341 INFO  [pyramid_rewrite][MainThread] Matching pattern "/gallery/(?P<subpath>.*)" against "/pictures/New Zealand/2009 Sep 5-6 Ocean Peak/small/DSC02779.JPG" 
2012-02-01 15:05:53,392 INFO  [pyramid_rewrite][MainThread] Matching pattern "/" against "/_debug_toolbar/static/img/djdt_vertical.png" 
2012-02-01 15:05:53,392 INFO  [pyramid_rewrite][MainThread] Matching pattern "/favicon.ico" against "/_debug_toolbar/static/img/djdt_vertical.png" 
2012-02-01 15:05:53,393 INFO  [pyramid_rewrite][MainThread] Matching pattern "/gallery/(?P<subpath>.*)" against "/_debug_toolbar/static/img/djdt_vertical.png" 
2012-02-01 15:05:55,818 INFO  [pyramid_rewrite][MainThread] Matching pattern "/" against "/hepp/gallery/New Zealand/@@" 
2012-02-01 15:05:55,819 INFO  [pyramid_rewrite][MainThread] Matching pattern "/favicon.ico" against "/hepp/gallery/New Zealand/@@" 
2012-02-01 15:05:55,819 INFO  [pyramid_rewrite][MainThread] Matching pattern "/gallery/(?P<subpath>.*)" against "/hepp/gallery/New Zealand/@@" 
2012-02-01 15:05:56,098 INFO  [pyramid_rewrite][MainThread] Matching pattern "/" against "/_debug_toolbar/static/css/toolbar.css" 
2012-02-01 15:05:56,098 INFO  [pyramid_rewrite][MainThread] Matching pattern "/favicon.ico" against "/_debug_toolbar/static/css/toolbar.css" 
2012-02-01 15:05:56,098 INFO  [pyramid_rewrite][MainThread] Matching pattern "/gallery/(?P<subpath>.*)" against "/_debug_toolbar/static/css/toolbar.css" 
2012-02-01 15:05:56,711 INFO  [pyramid_rewrite][MainThread] Matching pattern "/" against "/hepp/gallery/New Zealand/Ocean Peaka/@@" 
2012-02-01 15:05:56,711 INFO  [pyramid_rewrite][MainThread] Matching pattern "/favicon.ico" against "/hepp/gallery/New Zealand/Ocean Peaka/@@" 
2012-02-01 15:05:56,711 INFO  [pyramid_rewrite][MainThread] Matching pattern "/gallery/(?P<subpath>.*)" against "/hepp/gallery/New Zealand/Ocean Peaka/@@" 
2012-02-01 15:05:57,211 INFO  [pyramid_rewrite][MainThread] Matching pattern "/" against "/_debug_toolbar/static/css/toolbar.css" 
2012-02-01 15:05:57,212 INFO  [pyramid_rewrite][MainThread] Matching pattern "/favicon.ico" against "/_debug_toolbar/static/css/toolbar.css" 
2012-02-01 15:05:57,212 INFO  [pyramid_rewrite][MainThread] Matching pattern "/gallery/(?P<subpath>.*)" against "/_debug_toolbar/static/css/toolbar.css" 
2012-02-01 15:05:57,443 INFO  [pyramid_rewrite][MainThread] Matching pattern "/" against "/pictures/New Zealand/2009 Sep 5-6 Ocean Peak/regular/DSC02777.JPG" 
2012-02-01 15:05:57,444 INFO  [pyramid_rewrite][MainThread] Matching pattern "/favicon.ico" against "/pictures/New Zealand/2009 Sep 5-6 Ocean Peak/regular/DSC02777.JPG" 
2012-02-01 15:05:57,444 INFO  [pyramid_rewrite][MainThread] Matching pattern "/gallery/(?P<subpath>.*)" against "/pictures/New Zealand/2009 Sep 5-6 Ocean Peak/regular/DSC02777.JPG" 
2012-02-01 15:05:57,453 INFO  [pyramid_rewrite][MainThread] Matching pattern "/" against "/pictures/New Zealand/2009 Sep 5-6 Ocean Peak/regular/DSC02779.JPG" 
2012-02-01 15:05:57,455 INFO  [pyramid_rewrite][MainThread] Matching pattern "/favicon.ico" against "/pictures/New Zealand/2009 Sep 5-6 Ocean Peak/regular/DSC02779.JPG" 
2012-02-01 15:05:57,455 INFO  [pyramid_rewrite][MainThread] Matching pattern "/gallery/(?P<subpath>.*)" against "/pictures/New Zealand/2009 Sep 5-6 Ocean Peak/regular/DSC02779.JPG" 
2012-02-01 15:05:57,465 INFO  [pyramid_rewrite][MainThread] Matching pattern "/" against "/pictures/New Zealand/2009 Sep 5-6 Ocean Peak/regular/DSC02780.JPG" 
2012-02-01 15:05:57,466 INFO  [pyramid_rewrite][MainThread] Matching pattern "/favicon.ico" against "/pictures/New Zealand/2009 Sep 5-6 Ocean Peak/regular/DSC02780.JPG" 
2012-02-01 15:05:57,466 INFO  [pyramid_rewrite][MainThread] Matching pattern "/gallery/(?P<subpath>.*)" against "/pictures/New Zealand/2009 Sep 5-6 Ocean Peak/regular/DSC02780.JPG" 
2012-02-01 15:05:57,483 INFO  [pyramid_rewrite][MainThread] Matching pattern "/" against "/pictures/New Zealand/2009 Sep 5-6 Ocean Peak/regular/DSC02781.JPG" 
2012-02-01 15:05:57,483 INFO  [pyramid_rewrite][MainThread] Matching pattern "/favicon.ico" against "/pictures/New Zealand/2009 Sep 5-6 Ocean Peak/regular/DSC02781.JPG" 
2012-02-01 15:05:57,484 INFO  [pyramid_rewrite][MainThread] Matching pattern "/gallery/(?P<subpath>.*)" against "/pictures/New Zealand/2009 Sep 5-6 Ocean Peak/regular/DSC02781.JPG" 
2012-02-01 15:05:57,491 INFO  [pyramid_rewrite][MainThread] Matching pattern "/" against "/pictures/New Zealand/2009 Sep 5-6 Ocean Peak/regular/DSC02782.JPG" 
2012-02-01 15:05:57,492 INFO  [pyramid_rewrite][MainThread] Matching pattern "/favicon.ico" against "/pictures/New Zealand/2009 Sep 5-6 Ocean Peak/regular/DSC02782.JPG" 
2012-02-01 15:05:57,492 INFO  [pyramid_rewrite][MainThread] Matching pattern "/gallery/(?P<subpath>.*)" against "/pictures/New Zealand/2009 Sep 5-6 Ocean Peak/regular/DSC02782.JPG" 
2012-02-01 15:05:57,499 INFO  [pyramid_rewrite][MainThread] Matching pattern "/" against "/pictures/New Zealand/2009 Sep 5-6 Ocean Peak/regular/DSC02783.JPG" 
2012-02-01 15:05:57,500 INFO  [pyramid_rewrite][MainThread] Matching pattern "/favicon.ico" against "/pictures/New Zealand/2009 Sep 5-6 Ocean Peak/regular/DSC02783.JPG" 
2012-02-01 15:05:57,500 INFO  [pyramid_rewrite][MainThread] Matching pattern "/gallery/(?P<subpath>.*)" against "/pictures/New Zealand/2009 Sep 5-6 Ocean Peak/regular/DSC02783.JPG" 
2012-02-01 15:05:57,519 INFO  [pyramid_rewrite][MainThread] Matching pattern "/" against "/pictures/New Zealand/2009 Sep 5-6 Ocean Peak/regular/DSC02784.JPG" 
2012-02-01 15:05:57,521 INFO  [pyramid_rewrite][MainThread] Matching pattern "/favicon.ico" against "/pictures/New Zealand/2009 Sep 5-6 Ocean Peak/regular/DSC02784.JPG" 
2012-02-01 15:05:57,522 INFO  [pyramid_rewrite][MainThread] Matching pattern "/gallery/(?P<subpath>.*)" against "/pictures/New Zealand/2009 Sep 5-6 Ocean Peak/regular/DSC02784.JPG" 
2012-02-01 15:05:57,541 INFO  [pyramid_rewrite][MainThread] Matching pattern "/" against "/pictures/New Zealand/2009 Sep 5-6 Ocean Peak/regular/DSC02785.JPG" 
2012-02-01 15:05:57,545 INFO  [pyramid_rewrite][MainThread] Matching pattern "/favicon.ico" against "/pictures/New Zealand/2009 Sep 5-6 Ocean Peak/regular/DSC02785.JPG" 
2012-02-01 15:05:57,545 INFO  [pyramid_rewrite][MainThread] Matching pattern "/gallery/(?P<subpath>.*)" against "/pictures/New Zealand/2009 Sep 5-6 Ocean Peak/regular/DSC02785.JPG" 
2012-02-01 15:05:57,558 INFO  [pyramid_rewrite][MainThread] Matching pattern "/" against "/pictures/New Zealand/2009 Sep 5-6 Ocean Peak/regular/DSC02786.JPG" 
2012-02-01 15:05:57,559 INFO  [pyramid_rewrite][MainThread] Matching pattern "/favicon.ico" against "/pictures/New Zealand/2009 Sep 5-6 Ocean Peak/regular/DSC02786.JPG" 
2012-02-01 15:05:57,559 INFO  [pyramid_rewrite][MainThread] Matching pattern "/gallery/(?P<subpath>.*)" against "/pictures/New Zealand/2009 Sep 5-6 Ocean Peak/regular/DSC02786.JPG" 
2012-02-01 15:05:57,567 INFO  [pyramid_rewrite][MainThread] Matching pattern "/" against "/pictures/New Zealand/2009 Sep 5-6 Ocean Peak/regular/DSC02778.JPG" 
2012-02-01 15:05:57,571 INFO  [pyramid_rewrite][MainThread] Matching pattern "/favicon.ico" against "/pictures/New Zealand/2009 Sep 5-6 Ocean Peak/regular/DSC02778.JPG" 
2012-02-01 15:05:57,571 INFO  [pyramid_rewrite][MainThread] Matching pattern "/gallery/(?P<subpath>.*)" against "/pictures/New Zealand/2009 Sep 5-6 Ocean Peak/regular/DSC02778.JPG" 
2012-02-01 15:06:05,737 INFO  [pyramid_rewrite][MainThread] Matching pattern "/" against "/hepp/gallery/New Zealand/Ocean Peaka/@@login" 
2012-02-01 15:06:05,737 INFO  [pyramid_rewrite][MainThread] Matching pattern "/favicon.ico" against "/hepp/gallery/New Zealand/Ocean Peaka/@@login" 
2012-02-01 15:06:05,738 INFO  [pyramid_rewrite][MainThread] Matching pattern "/gallery/(?P<subpath>.*)" against "/hepp/gallery/New Zealand/Ocean Peaka/@@login" 
2012-02-01 15:06:05,839 INFO  [pyramid_rewrite][MainThread] Matching pattern "/" against "/hepp/gallery/New Zealand/Ocean Peaka/" 
2012-02-01 15:06:05,839 INFO  [pyramid_rewrite][MainThread] Matching pattern "/favicon.ico" against "/hepp/gallery/New Zealand/Ocean Peaka/" 
2012-02-01 15:06:05,840 INFO  [pyramid_rewrite][MainThread] Matching pattern "/gallery/(?P<subpath>.*)" against "/hepp/gallery/New Zealand/Ocean Peaka/" 
2012-02-01 15:06:06,073 INFO  [pyramid_rewrite][MainThread] Matching pattern "/" against "/_debug_toolbar/static/css/toolbar.css" 
2012-02-01 15:06:06,074 INFO  [pyramid_rewrite][MainThread] Matching pattern "/favicon.ico" against "/_debug_toolbar/static/css/toolbar.css" 
2012-02-01 15:06:06,074 INFO  [pyramid_rewrite][MainThread] Matching pattern "/gallery/(?P<subpath>.*)" against "/_debug_toolbar/static/css/toolbar.css" 
2012-02-01 15:06:08,264 INFO  [pyramid_rewrite][MainThread] Matching pattern "/" against "/hepp/gallery/New Zealand/@@" 
2012-02-01 15:06:08,264 INFO  [pyramid_rewrite][MainThread] Matching pattern "/favicon.ico" against "/hepp/gallery/New Zealand/@@" 
2012-02-01 15:06:08,265 INFO  [pyramid_rewrite][MainThread] Matching pattern "/gallery/(?P<subpath>.*)" against "/hepp/gallery/New Zealand/@@" 
2012-02-01 15:06:09,512 INFO  [pyramid_rewrite][MainThread] Matching pattern "/" against "/_debug_toolbar/static/css/toolbar.css" 
2012-02-01 15:06:09,512 INFO  [pyramid_rewrite][MainThread] Matching pattern "/favicon.ico" against "/_debug_toolbar/static/css/toolbar.css" 
2012-02-01 15:06:09,512 INFO  [pyramid_rewrite][MainThread] Matching pattern "/gallery/(?P<subpath>.*)" against "/_debug_toolbar/static/css/toolbar.css" 
2012-02-01 15:06:13,575 INFO  [pyramid_rewrite][MainThread] Matching pattern "/" against "/hepp/gallery/New Zealand/Ocean Peaka/@@" 
2012-02-01 15:06:13,576 INFO  [pyramid_rewrite][MainThread] Matching pattern "/favicon.ico" against "/hepp/gallery/New Zealand/Ocean Peaka/@@" 
2012-02-01 15:06:13,576 INFO  [pyramid_rewrite][MainThread] Matching pattern "/gallery/(?P<subpath>.*)" against "/hepp/gallery/New Zealand/Ocean Peaka/@@" 
2012-02-01 15:06:13,820 INFO  [pyramid_rewrite][MainThread] Matching pattern "/" against "/_debug_toolbar/static/css/toolbar.css" 
2012-02-01 15:06:13,820 INFO  [pyramid_rewrite][MainThread] Matching pattern "/favicon.ico" against "/_debug_toolbar/static/css/toolbar.css" 
2012-02-01 15:06:13,821 INFO  [pyramid_rewrite][MainThread] Matching pattern "/gallery/(?P<subpath>.*)" against "/_debug_toolbar/static/css/toolbar.css" 
2012-02-01 15:06:20,128 INFO  [pyramid_rewrite][MainThread] Matching pattern "/" against "/hepp/gallery/New Zealand/Ocean Peaka/@@login" 
2012-02-01 15:06:20,129 INFO  [pyramid_rewrite][MainThread] Matching pattern "/favicon.ico" against "/hepp/gallery/New Zealand/Ocean Peaka/@@login" 
2012-02-01 15:06:20,129 INFO  [pyramid_rewrite][MainThread] Matching pattern "/gallery/(?P<subpath>.*)" against "/hepp/gallery/New Zealand/Ocean Peaka/@@login" 
2012-02-01 15:06:20,748 INFO  [pyramid_rewrite][MainThread] Matching pattern "/" against "/hepp/gallery/New Zealand/Ocean Peaka/" 
2012-02-01 15:06:20,748 INFO  [pyramid_rewrite][MainThread] Matching pattern "/favicon.ico" against "/hepp/gallery/New Zealand/Ocean Peaka/" 
2012-02-01 15:06:20,749 INFO  [pyramid_rewrite][MainThread] Matching pattern "/gallery/(?P<subpath>.*)" against "/hepp/gallery/New Zealand/Ocean Peaka/" 
2012-02-01 15:06:20,962 INFO  [pyramid_rewrite][MainThread] Matching pattern "/" against "/_debug_toolbar/static/css/toolbar.css" 
2012-02-01 15:06:20,962 INFO  [pyramid_rewrite][MainThread] Matching pattern "/favicon.ico" against "/_debug_toolbar/static/css/toolbar.css" 
2012-02-01 15:06:20,962 INFO  [pyramid_rewrite][MainThread] Matching pattern "/gallery/(?P<subpath>.*)" against "/_debug_toolbar/static/css/toolbar.css" 
2012-02-01 15:06:28,281 INFO  [pyramid_rewrite][MainThread] Matching pattern "/" against "/hepp/gallery/New Zealand/Ocean Peaka/@@login" 
2012-02-01 15:06:28,282 INFO  [pyramid_rewrite][MainThread] Matching pattern "/favicon.ico" against "/hepp/gallery/New Zealand/Ocean Peaka/@@login" 
2012-02-01 15:06:28,283 INFO  [pyramid_rewrite][MainThread] Matching pattern "/gallery/(?P<subpath>.*)" against "/hepp/gallery/New Zealand/Ocean Peaka/@@login" 
2012-02-01 15:06:28,358 INFO  [pyramid_rewrite][MainThread] Matching pattern "/" against "/hepp/gallery/New Zealand/Ocean Peaka/" 
2012-02-01 15:06:28,359 INFO  [pyramid_rewrite][MainThread] Matching pattern "/favicon.ico" against "/hepp/gallery/New Zealand/Ocean Peaka/" 
2012-02-01 15:06:28,359 INFO  [pyramid_rewrite][MainThread] Matching pattern "/gallery/(?P<subpath>.*)" against "/hepp/gallery/New Zealand/Ocean Peaka/" 
2012-02-01 15:06:28,560 INFO  [pyramid_rewrite][MainThread] Matching pattern "/" against "/_debug_toolbar/static/css/toolbar.css" 
2012-02-01 15:06:28,561 INFO  [pyramid_rewrite][MainThread] Matching pattern "/favicon.ico" against "/_debug_toolbar/static/css/toolbar.css" 
2012-02-01 15:06:28,561 INFO  [pyramid_rewrite][MainThread] Matching pattern "/gallery/(?P<subpath>.*)" against "/_debug_toolbar/static/css/toolbar.css" 
2012-02-01 15:06:31,137 INFO  [pyramid_rewrite][MainThread] Matching pattern "/" against "/hepp/gallery/New Zealand/Ocean Peaka/@@edit" 
2012-02-01 15:06:31,137 INFO  [pyramid_rewrite][MainThread] Matching pattern "/favicon.ico" against "/hepp/gallery/New Zealand/Ocean Peaka/@@edit" 
2012-02-01 15:06:31,138 INFO  [pyramid_rewrite][MainThread] Matching pattern "/gallery/(?P<subpath>.*)" against "/hepp/gallery/New Zealand/Ocean Peaka/@@edit" 
2012-02-01 15:06:31,235 INFO  [pyramid_rewrite][MainThread] Matching pattern "/" against "/static/js/jquery/ui-lightness/jquery-ui-1.8.17.custom.css" 
2012-02-01 15:06:31,236 INFO  [pyramid_rewrite][MainThread] Matching pattern "/favicon.ico" against "/static/js/jquery/ui-lightness/jquery-ui-1.8.17.custom.css" 
2012-02-01 15:06:31,236 INFO  [pyramid_rewrite][MainThread] Matching pattern "/gallery/(?P<subpath>.*)" against "/static/js/jquery/ui-lightness/jquery-ui-1.8.17.custom.css" 
2012-02-01 15:06:31,252 INFO  [pyramid_rewrite][MainThread] Matching pattern "/" against "/static/js/jquery/jquery.jstree.min.js" 
2012-02-01 15:06:31,252 INFO  [pyramid_rewrite][MainThread] Matching pattern "/favicon.ico" against "/static/js/jquery/jquery.jstree.min.js" 
2012-02-01 15:06:31,253 INFO  [pyramid_rewrite][MainThread] Matching pattern "/gallery/(?P<subpath>.*)" against "/static/js/jquery/jquery.jstree.min.js" 
2012-02-01 15:06:31,261 INFO  [pyramid_rewrite][MainThread] Matching pattern "/" against "/static/js/pyGalleridEditing.js" 
2012-02-01 15:06:31,264 INFO  [pyramid_rewrite][MainThread] Matching pattern "/favicon.ico" against "/static/js/pyGalleridEditing.js" 
2012-02-01 15:06:31,265 INFO  [pyramid_rewrite][MainThread] Matching pattern "/gallery/(?P<subpath>.*)" against "/static/js/pyGalleridEditing.js" 
2012-02-01 15:06:31,517 INFO  [pyramid_rewrite][MainThread] Matching pattern "/" against "/_debug_toolbar/static/css/toolbar.css" 
2012-02-01 15:06:31,517 INFO  [pyramid_rewrite][MainThread] Matching pattern "/favicon.ico" against "/_debug_toolbar/static/css/toolbar.css" 
2012-02-01 15:06:31,517 INFO  [pyramid_rewrite][MainThread] Matching pattern "/gallery/(?P<subpath>.*)" against "/_debug_toolbar/static/css/toolbar.css" 
2012-02-01 15:06:34,351 INFO  [pyramid_rewrite][MainThread] Matching pattern "/" against "/static/js/jquery/themes/apple/style.css" 
2012-02-01 15:06:34,352 INFO  [pyramid_rewrite][MainThread] Matching pattern "/favicon.ico" against "/static/js/jquery/themes/apple/style.css" 
2012-02-01 15:06:34,352 INFO  [pyramid_rewrite][MainThread] Matching pattern "/gallery/(?P<subpath>.*)" against "/static/js/jquery/themes/apple/style.css" 
2012-02-01 15:06:34,362 INFO  [pyramid_rewrite][MainThread] Matching pattern "/" against "/hepp/gallery/New Zealand/Ocean Peaka/@@retrieve" 
2012-02-01 15:06:34,362 INFO  [pyramid_rewrite][MainThread] Matching pattern "/favicon.ico" against "/hepp/gallery/New Zealand/Ocean Peaka/@@retrieve" 
2012-02-01 15:06:34,363 INFO  [pyramid_rewrite][MainThread] Matching pattern "/gallery/(?P<subpath>.*)" against "/hepp/gallery/New Zealand/Ocean Peaka/@@retrieve" 
2012-02-01 15:06:34,535 INFO  [pyramid_rewrite][MainThread] Matching pattern "/" against "/static/js/jquery/themes/apple/bg.jpg" 
2012-02-01 15:06:34,535 INFO  [pyramid_rewrite][MainThread] Matching pattern "/favicon.ico" against "/static/js/jquery/themes/apple/bg.jpg" 
2012-02-01 15:06:34,536 INFO  [pyramid_rewrite][MainThread] Matching pattern "/gallery/(?P<subpath>.*)" against "/static/js/jquery/themes/apple/bg.jpg" 
2012-02-01 15:06:34,553 INFO  [pyramid_rewrite][MainThread] Matching pattern "/" against "/static/js/jquery/themes/apple/d.png" 
2012-02-01 15:06:34,553 INFO  [pyramid_rewrite][MainThread] Matching pattern "/favicon.ico" against "/static/js/jquery/themes/apple/d.png" 
2012-02-01 15:06:34,554 INFO  [pyramid_rewrite][MainThread] Matching pattern "/gallery/(?P<subpath>.*)" against "/static/js/jquery/themes/apple/d.png" 
2012-02-01 15:06:35,900 INFO  [pyramid_rewrite][MainThread] Matching pattern "/" against "/hepp/gallery/New Zealand/@@edit" 
2012-02-01 15:06:35,900 INFO  [pyramid_rewrite][MainThread] Matching pattern "/favicon.ico" against "/hepp/gallery/New Zealand/@@edit" 
2012-02-01 15:06:35,901 INFO  [pyramid_rewrite][MainThread] Matching pattern "/gallery/(?P<subpath>.*)" against "/hepp/gallery/New Zealand/@@edit" 
2012-02-01 15:06:36,216 INFO  [pyramid_rewrite][MainThread] Matching pattern "/" against "/_debug_toolbar/static/css/toolbar.css" 
2012-02-01 15:06:36,217 INFO  [pyramid_rewrite][MainThread] Matching pattern "/favicon.ico" against "/_debug_toolbar/static/css/toolbar.css" 
2012-02-01 15:06:36,217 INFO  [pyramid_rewrite][MainThread] Matching pattern "/gallery/(?P<subpath>.*)" against "/_debug_toolbar/static/css/toolbar.css" 
2012-02-01 15:06:42,394 INFO  [pyramid_rewrite][MainThread] Matching pattern "/" against "/gallery/New Zealand" 
2012-02-01 15:06:42,394 INFO  [pyramid_rewrite][MainThread] Matching pattern "/favicon.ico" against "/gallery/New Zealand" 
2012-02-01 15:06:42,395 INFO  [pyramid_rewrite][MainThread] Matching pattern "/gallery/(?P<subpath>.*)" against "/gallery/New Zealand" 
2012-02-01 15:06:42,395 INFO  [pyramid_rewrite][MainThread] Rewriting url: /gallery/New Zealand --> /hepp/gallery/New Zealand
2012-02-01 15:06:42,580 INFO  [pyramid_rewrite][MainThread] Matching pattern "/" against "/_debug_toolbar/static/css/toolbar.css" 
2012-02-01 15:06:42,581 INFO  [pyramid_rewrite][MainThread] Matching pattern "/favicon.ico" against "/_debug_toolbar/static/css/toolbar.css" 
2012-02-01 15:06:42,581 INFO  [pyramid_rewrite][MainThread] Matching pattern "/gallery/(?P<subpath>.*)" against "/_debug_toolbar/static/css/toolbar.css" 
2012-02-01 15:06:45,795 INFO  [pyramid_rewrite][MainThread] Matching pattern "/" against "/" 
2012-02-01 15:06:45,795 INFO  [pyramid_rewrite][MainThread] Rewriting url: / --> /hepp/gallery/
2012-02-01 15:06:45,796 INFO  [pyramid_rewrite][MainThread] Matching pattern "/favicon.ico" against "/hepp/gallery/" 
2012-02-01 15:06:45,796 INFO  [pyramid_rewrite][MainThread] Matching pattern "/gallery/(?P<subpath>.*)" against "/hepp/gallery/" 
2012-02-01 15:06:46,300 INFO  [pyramid_rewrite][MainThread] Matching pattern "/" against "/_debug_toolbar/static/css/toolbar.css" 
2012-02-01 15:06:46,301 INFO  [pyramid_rewrite][MainThread] Matching pattern "/favicon.ico" against "/_debug_toolbar/static/css/toolbar.css" 
2012-02-01 15:06:46,301 INFO  [pyramid_rewrite][MainThread] Matching pattern "/gallery/(?P<subpath>.*)" against "/_debug_toolbar/static/css/toolbar.css" 
2012-02-01 15:06:49,425 INFO  [pyramid_rewrite][MainThread] Matching pattern "/" against "/gallery" 
2012-02-01 15:06:49,425 INFO  [pyramid_rewrite][MainThread] Matching pattern "/favicon.ico" against "/gallery" 
2012-02-01 15:06:49,426 INFO  [pyramid_rewrite][MainThread] Matching pattern "/gallery/(?P<subpath>.*)" against "/gallery" 
2012-02-01 15:06:49,566 INFO  [pyramid_rewrite][MainThread] Matching pattern "/" against "/_debug_toolbar/static/css/toolbar.css" 
2012-02-01 15:06:49,566 INFO  [pyramid_rewrite][MainThread] Matching pattern "/favicon.ico" against "/_debug_toolbar/static/css/toolbar.css" 
2012-02-01 15:06:49,566 INFO  [pyramid_rewrite][MainThread] Matching pattern "/gallery/(?P<subpath>.*)" against "/_debug_toolbar/static/css/toolbar.css" 
2012-02-01 15:06:51,021 INFO  [pyramid_rewrite][MainThread] Matching pattern "/" against "/gallery/New Zealand" 
2012-02-01 15:06:51,021 INFO  [pyramid_rewrite][MainThread] Matching pattern "/favicon.ico" against "/gallery/New Zealand" 
2012-02-01 15:06:51,022 INFO  [pyramid_rewrite][MainThread] Matching pattern "/gallery/(?P<subpath>.*)" against "/gallery/New Zealand" 
2012-02-01 15:06:51,022 INFO  [pyramid_rewrite][MainThread] Rewriting url: /gallery/New Zealand --> /hepp/gallery/New Zealand
2012-02-01 15:06:51,206 INFO  [pyramid_rewrite][MainThread] Matching pattern "/" against "/_debug_toolbar/static/css/toolbar.css" 
2012-02-01 15:06:51,206 INFO  [pyramid_rewrite][MainThread] Matching pattern "/favicon.ico" against "/_debug_toolbar/static/css/toolbar.css" 
2012-02-01 15:06:51,207 INFO  [pyramid_rewrite][MainThread] Matching pattern "/gallery/(?P<subpath>.*)" against "/_debug_toolbar/static/css/toolbar.css" 
2012-02-01 15:06:52,878 INFO  [pyramid_rewrite][MainThread] Matching pattern "/" against "/gallery/" 
2012-02-01 15:06:52,879 INFO  [pyramid_rewrite][MainThread] Matching pattern "/favicon.ico" against "/gallery/" 
2012-02-01 15:06:52,879 INFO  [pyramid_rewrite][MainThread] Matching pattern "/gallery/(?P<subpath>.*)" against "/gallery/" 
2012-02-01 15:06:52,880 INFO  [pyramid_rewrite][MainThread] Rewriting url: /gallery/ --> /hepp/gallery/
2012-02-01 15:06:53,175 INFO  [pyramid_rewrite][MainThread] Matching pattern "/" against "/_debug_toolbar/static/css/toolbar.css" 
2012-02-01 15:06:53,176 INFO  [pyramid_rewrite][MainThread] Matching pattern "/favicon.ico" against "/_debug_toolbar/static/css/toolbar.css" 
2012-02-01 15:06:53,176 INFO  [pyramid_rewrite][MainThread] Matching pattern "/gallery/(?P<subpath>.*)" against "/_debug_toolbar/static/css/toolbar.css" 
2012-02-01 15:06:57,959 INFO  [pyramid_rewrite][MainThread] Matching pattern "/" against "/hepp/gallery/@@logout" 
2012-02-01 15:06:57,959 INFO  [pyramid_rewrite][MainThread] Matching pattern "/favicon.ico" against "/hepp/gallery/@@logout" 
2012-02-01 15:06:57,960 INFO  [pyramid_rewrite][MainThread] Matching pattern "/gallery/(?P<subpath>.*)" against "/hepp/gallery/@@logout" 
2012-02-01 15:07:00,399 INFO  [pyramid_rewrite][MainThread] Matching pattern "/" against "/hepp/gallery/" 
2012-02-01 15:07:00,399 INFO  [pyramid_rewrite][MainThread] Matching pattern "/favicon.ico" against "/hepp/gallery/" 
2012-02-01 15:07:00,400 INFO  [pyramid_rewrite][MainThread] Matching pattern "/gallery/(?P<subpath>.*)" against "/hepp/gallery/" 
2012-02-01 15:07:00,580 INFO  [pyramid_rewrite][MainThread] Matching pattern "/" against "/_debug_toolbar/static/css/toolbar.css" 
2012-02-01 15:07:00,580 INFO  [pyramid_rewrite][MainThread] Matching pattern "/favicon.ico" against "/_debug_toolbar/static/css/toolbar.css" 
2012-02-01 15:07:00,580 INFO  [pyramid_rewrite][MainThread] Matching pattern "/gallery/(?P<subpath>.*)" against "/_debug_toolbar/static/css/toolbar.css" 
2012-02-01 15:08:07,242 INFO  [pyramid_rewrite][MainThread] Matching pattern "/" against "/hepp/gallery" 
2012-02-01 15:08:07,243 INFO  [pyramid_rewrite][MainThread] Matching pattern "/favicon.ico" against "/hepp/gallery" 
2012-02-01 15:08:07,243 INFO  [pyramid_rewrite][MainThread] Matching pattern "/gallery/(?P<subpath>.*)" against "/hepp/gallery" 
2012-02-01 15:08:07,478 INFO  [pyramid_rewrite][MainThread] Matching pattern "/" against "/_debug_toolbar/static/css/toolbar.css" 
2012-02-01 15:08:07,479 INFO  [pyramid_rewrite][MainThread] Matching pattern "/favicon.ico" against "/_debug_toolbar/static/css/toolbar.css" 
2012-02-01 15:08:07,479 INFO  [pyramid_rewrite][MainThread] Matching pattern "/gallery/(?P<subpath>.*)" against "/_debug_toolbar/static/css/toolbar.css" 
2012-02-01 15:08:09,812 INFO  [pyramid_rewrite][MainThread] Matching pattern "/" against "/hepp/gallery/" 
2012-02-01 15:08:09,813 INFO  [pyramid_rewrite][MainThread] Matching pattern "/favicon.ico" against "/hepp/gallery/" 
2012-02-01 15:08:09,813 INFO  [pyramid_rewrite][MainThread] Matching pattern "/gallery/(?P<subpath>.*)" against "/hepp/gallery/" 
2012-02-01 15:08:09,913 INFO  [pyramid_rewrite][MainThread] Matching pattern "/" against "/_debug_toolbar/static/css/toolbar.css" 
2012-02-01 15:08:09,913 INFO  [pyramid_rewrite][MainThread] Matching pattern "/favicon.ico" against "/_debug_toolbar/static/css/toolbar.css" 
2012-02-01 15:08:09,913 INFO  [pyramid_rewrite][MainThread] Matching pattern "/gallery/(?P<subpath>.*)" against "/_debug_toolbar/static/css/toolbar.css" 
2012-02-01 15:08:11,332 INFO  [pyramid_rewrite][MainThread] Matching pattern "/" against "/hepp/gallery" 
2012-02-01 15:08:11,333 INFO  [pyramid_rewrite][MainThread] Matching pattern "/favicon.ico" against "/hepp/gallery" 
2012-02-01 15:08:11,333 INFO  [pyramid_rewrite][MainThread] Matching pattern "/gallery/(?P<subpath>.*)" against "/hepp/gallery" 
2012-02-01 15:08:12,070 INFO  [pyramid_rewrite][MainThread] Matching pattern "/" against "/_debug_toolbar/static/css/toolbar.css" 
2012-02-01 15:08:12,070 INFO  [pyramid_rewrite][MainThread] Matching pattern "/favicon.ico" against "/_debug_toolbar/static/css/toolbar.css" 
2012-02-01 15:08:12,071 INFO  [pyramid_rewrite][MainThread] Matching pattern "/gallery/(?P<subpath>.*)" against "/_debug_toolbar/static/css/toolbar.css" 
2012-02-01 15:08:12,707 INFO  [pyramid_rewrite][MainThread] Matching pattern "/" against "/hepp/gallery" 
2012-02-01 15:08:12,707 INFO  [pyramid_rewrite][MainThread] Matching pattern "/favicon.ico" against "/hepp/gallery" 
2012-02-01 15:08:12,708 INFO  [pyramid_rewrite][MainThread] Matching pattern "/gallery/(?P<subpath>.*)" against "/hepp/gallery" 
2012-02-01 15:08:12,788 INFO  [pyramid_rewrite][MainThread] Matching pattern "/" against "/static/css/global.css" 
2012-02-01 15:08:12,788 INFO  [pyramid_rewrite][MainThread] Matching pattern "/favicon.ico" against "/static/css/global.css" 
2012-02-01 15:08:12,789 INFO  [pyramid_rewrite][MainThread] Matching pattern "/gallery/(?P<subpath>.*)" against "/static/css/global.css" 
2012-02-01 15:08:12,798 INFO  [pyramid_rewrite][MainThread] Matching pattern "/" against "/static/css/pyGallerid.css" 
2012-02-01 15:08:12,798 INFO  [pyramid_rewrite][MainThread] Matching pattern "/favicon.ico" against "/static/css/pyGallerid.css" 
2012-02-01 15:08:12,799 INFO  [pyramid_rewrite][MainThread] Matching pattern "/gallery/(?P<subpath>.*)" against "/static/css/pyGallerid.css" 
2012-02-01 15:08:12,812 INFO  [pyramid_rewrite][MainThread] Matching pattern "/" against "/static/js/jquery/jquery.simplemodal.1.4.2.min.js" 
2012-02-01 15:08:12,812 INFO  [pyramid_rewrite][MainThread] Matching pattern "/favicon.ico" against "/static/js/jquery/jquery.simplemodal.1.4.2.min.js" 
2012-02-01 15:08:12,812 INFO  [pyramid_rewrite][MainThread] Matching pattern "/gallery/(?P<subpath>.*)" against "/static/js/jquery/jquery.simplemodal.1.4.2.min.js" 
2012-02-01 15:08:12,819 INFO  [pyramid_rewrite][MainThread] Matching pattern "/" against "/static/js/pyGallerid.js" 
2012-02-01 15:08:12,820 INFO  [pyramid_rewrite][MainThread] Matching pattern "/favicon.ico" against "/static/js/pyGallerid.js" 
2012-02-01 15:08:12,820 INFO  [pyramid_rewrite][MainThread] Matching pattern "/gallery/(?P<subpath>.*)" against "/static/js/pyGallerid.js" 
2012-02-01 15:08:12,826 INFO  [pyramid_rewrite][MainThread] Matching pattern "/" against "/_debug_toolbar/static/js/jquery-1.6.4.min.js" 
2012-02-01 15:08:12,828 INFO  [pyramid_rewrite][MainThread] Matching pattern "/favicon.ico" against "/_debug_toolbar/static/js/jquery-1.6.4.min.js" 
2012-02-01 15:08:12,828 INFO  [pyramid_rewrite][MainThread] Matching pattern "/gallery/(?P<subpath>.*)" against "/_debug_toolbar/static/js/jquery-1.6.4.min.js" 
2012-02-01 15:08:12,834 INFO  [pyramid_rewrite][MainThread] Matching pattern "/" against "/_debug_toolbar/static/js/toolbar.js" 
2012-02-01 15:08:12,838 INFO  [pyramid_rewrite][MainThread] Matching pattern "/favicon.ico" against "/_debug_toolbar/static/js/toolbar.js" 
2012-02-01 15:08:12,838 INFO  [pyramid_rewrite][MainThread] Matching pattern "/gallery/(?P<subpath>.*)" against "/_debug_toolbar/static/js/toolbar.js" 
2012-02-01 15:08:12,852 INFO  [pyramid_rewrite][MainThread] Matching pattern "/" against "/static/img/spacer.gif" 
2012-02-01 15:08:12,852 INFO  [pyramid_rewrite][MainThread] Matching pattern "/favicon.ico" against "/static/img/spacer.gif" 
2012-02-01 15:08:12,853 INFO  [pyramid_rewrite][MainThread] Matching pattern "/gallery/(?P<subpath>.*)" against "/static/img/spacer.gif" 
2012-02-01 15:08:12,888 INFO  [pyramid_rewrite][MainThread] Matching pattern "/" against "/_debug_toolbar/static/css/toolbar.css" 
2012-02-01 15:08:12,889 INFO  [pyramid_rewrite][MainThread] Matching pattern "/favicon.ico" against "/_debug_toolbar/static/css/toolbar.css" 
2012-02-01 15:08:12,890 INFO  [pyramid_rewrite][MainThread] Matching pattern "/gallery/(?P<subpath>.*)" against "/_debug_toolbar/static/css/toolbar.css" 
2012-02-01 15:08:12,978 INFO  [pyramid_rewrite][MainThread] Matching pattern "/" against "/pictures/New Zealand/2009 Sep 5-6 Ocean Peak/small/DSC02779.JPG" 
2012-02-01 15:08:12,979 INFO  [pyramid_rewrite][MainThread] Matching pattern "/favicon.ico" against "/pictures/New Zealand/2009 Sep 5-6 Ocean Peak/small/DSC02779.JPG" 
2012-02-01 15:08:12,979 INFO  [pyramid_rewrite][MainThread] Matching pattern "/gallery/(?P<subpath>.*)" against "/pictures/New Zealand/2009 Sep 5-6 Ocean Peak/small/DSC02779.JPG" 
2012-02-01 15:08:12,993 INFO  [pyramid_rewrite][MainThread] Matching pattern "/" against "/_debug_toolbar/static/img/djdt_vertical.png" 
2012-02-01 15:08:12,993 INFO  [pyramid_rewrite][MainThread] Matching pattern "/favicon.ico" against "/_debug_toolbar/static/img/djdt_vertical.png" 
2012-02-01 15:08:12,994 INFO  [pyramid_rewrite][MainThread] Matching pattern "/gallery/(?P<subpath>.*)" against "/_debug_toolbar/static/img/djdt_vertical.png" 
2012-02-01 15:08:17,621 INFO  [pyramid_rewrite][MainThread] Matching pattern "/" against "/hepp/gallery" 
2012-02-01 15:08:17,622 INFO  [pyramid_rewrite][MainThread] Matching pattern "/favicon.ico" against "/hepp/gallery" 
2012-02-01 15:08:17,622 INFO  [pyramid_rewrite][MainThread] Matching pattern "/gallery/(?P<subpath>.*)" against "/hepp/gallery" 
2012-02-01 15:08:18,385 INFO  [pyramid_rewrite][MainThread] Matching pattern "/" against "/static/css/global.css" 
2012-02-01 15:08:18,385 INFO  [pyramid_rewrite][MainThread] Matching pattern "/favicon.ico" against "/static/css/global.css" 
2012-02-01 15:08:18,386 INFO  [pyramid_rewrite][MainThread] Matching pattern "/gallery/(?P<subpath>.*)" against "/static/css/global.css" 
2012-02-01 15:08:18,396 INFO  [pyramid_rewrite][MainThread] Matching pattern "/" against "/static/css/pyGallerid.css" 
2012-02-01 15:08:18,396 INFO  [pyramid_rewrite][MainThread] Matching pattern "/favicon.ico" against "/static/css/pyGallerid.css" 
2012-02-01 15:08:18,396 INFO  [pyramid_rewrite][MainThread] Matching pattern "/gallery/(?P<subpath>.*)" against "/static/css/pyGallerid.css" 
2012-02-01 15:08:18,403 INFO  [pyramid_rewrite][MainThread] Matching pattern "/" against "/static/js/jquery/jquery.simplemodal.1.4.2.min.js" 
2012-02-01 15:08:18,404 INFO  [pyramid_rewrite][MainThread] Matching pattern "/favicon.ico" against "/static/js/jquery/jquery.simplemodal.1.4.2.min.js" 
2012-02-01 15:08:18,404 INFO  [pyramid_rewrite][MainThread] Matching pattern "/gallery/(?P<subpath>.*)" against "/static/js/jquery/jquery.simplemodal.1.4.2.min.js" 
2012-02-01 15:08:18,416 INFO  [pyramid_rewrite][MainThread] Matching pattern "/" against "/static/js/pyGallerid.js" 
2012-02-01 15:08:18,417 INFO  [pyramid_rewrite][MainThread] Matching pattern "/favicon.ico" against "/static/js/pyGallerid.js" 
2012-02-01 15:08:18,418 INFO  [pyramid_rewrite][MainThread] Matching pattern "/gallery/(?P<subpath>.*)" against "/static/js/pyGallerid.js" 
2012-02-01 15:08:18,428 INFO  [pyramid_rewrite][MainThread] Matching pattern "/" against "/_debug_toolbar/static/js/jquery-1.6.4.min.js" 
2012-02-01 15:08:18,428 INFO  [pyramid_rewrite][MainThread] Matching pattern "/favicon.ico" against "/_debug_toolbar/static/js/jquery-1.6.4.min.js" 
2012-02-01 15:08:18,429 INFO  [pyramid_rewrite][MainThread] Matching pattern "/gallery/(?P<subpath>.*)" against "/_debug_toolbar/static/js/jquery-1.6.4.min.js" 
2012-02-01 15:08:18,434 INFO  [pyramid_rewrite][MainThread] Matching pattern "/" against "/_debug_toolbar/static/js/toolbar.js" 
2012-02-01 15:08:18,435 INFO  [pyramid_rewrite][MainThread] Matching pattern "/favicon.ico" against "/_debug_toolbar/static/js/toolbar.js" 
2012-02-01 15:08:18,436 INFO  [pyramid_rewrite][MainThread] Matching pattern "/gallery/(?P<subpath>.*)" against "/_debug_toolbar/static/js/toolbar.js" 
2012-02-01 15:08:18,443 INFO  [pyramid_rewrite][MainThread] Matching pattern "/" against "/static/img/spacer.gif" 
2012-02-01 15:08:18,445 INFO  [pyramid_rewrite][MainThread] Matching pattern "/favicon.ico" against "/static/img/spacer.gif" 
2012-02-01 15:08:18,445 INFO  [pyramid_rewrite][MainThread] Matching pattern "/gallery/(?P<subpath>.*)" against "/static/img/spacer.gif" 
2012-02-01 15:08:18,454 INFO  [pyramid_rewrite][MainThread] Matching pattern "/" against "/_debug_toolbar/static/css/toolbar.css" 
2012-02-01 15:08:18,455 INFO  [pyramid_rewrite][MainThread] Matching pattern "/favicon.ico" against "/_debug_toolbar/static/css/toolbar.css" 
2012-02-01 15:08:18,455 INFO  [pyramid_rewrite][MainThread] Matching pattern "/gallery/(?P<subpath>.*)" against "/_debug_toolbar/static/css/toolbar.css" 
2012-02-01 15:08:18,546 INFO  [pyramid_rewrite][MainThread] Matching pattern "/" against "/pictures/New Zealand/2009 Sep 5-6 Ocean Peak/small/DSC02779.JPG" 
2012-02-01 15:08:18,546 INFO  [pyramid_rewrite][MainThread] Matching pattern "/favicon.ico" against "/pictures/New Zealand/2009 Sep 5-6 Ocean Peak/small/DSC02779.JPG" 
2012-02-01 15:08:18,547 INFO  [pyramid_rewrite][MainThread] Matching pattern "/gallery/(?P<subpath>.*)" against "/pictures/New Zealand/2009 Sep 5-6 Ocean Peak/small/DSC02779.JPG" 
2012-02-01 15:08:18,560 INFO  [pyramid_rewrite][MainThread] Matching pattern "/" against "/_debug_toolbar/static/img/djdt_vertical.png" 
2012-02-01 15:08:18,560 INFO  [pyramid_rewrite][MainThread] Matching pattern "/favicon.ico" against "/_debug_toolbar/static/img/djdt_vertical.png" 
2012-02-01 15:08:18,561 INFO  [pyramid_rewrite][MainThread] Matching pattern "/gallery/(?P<subpath>.*)" against "/_debug_toolbar/static/img/djdt_vertical.png" 
2012-02-01 15:08:46,823 INFO  [pyramid_rewrite][MainThread] Matching pattern "/" against "/hepp/gallery/" 
2012-02-01 15:08:46,823 INFO  [pyramid_rewrite][MainThread] Matching pattern "/favicon.ico" against "/hepp/gallery/" 
2012-02-01 15:08:46,824 INFO  [pyramid_rewrite][MainThread] Matching pattern "/gallery/(?P<subpath>.*)" against "/hepp/gallery/" 
2012-02-01 15:08:46,961 INFO  [pyramid_rewrite][MainThread] Matching pattern "/" against "/_debug_toolbar/static/css/toolbar.css" 
2012-02-01 15:08:46,961 INFO  [pyramid_rewrite][MainThread] Matching pattern "/favicon.ico" against "/_debug_toolbar/static/css/toolbar.css" 
2012-02-01 15:08:46,962 INFO  [pyramid_rewrite][MainThread] Matching pattern "/gallery/(?P<subpath>.*)" against "/_debug_toolbar/static/css/toolbar.css" 
2012-02-01 15:08:55,524 INFO  [pyramid_rewrite][MainThread] Matching pattern "/" against "/hepp/gallery" 
2012-02-01 15:08:55,525 INFO  [pyramid_rewrite][MainThread] Matching pattern "/favicon.ico" against "/hepp/gallery" 
2012-02-01 15:08:55,525 INFO  [pyramid_rewrite][MainThread] Matching pattern "/gallery/(?P<subpath>.*)" against "/hepp/gallery" 
2012-02-01 15:08:55,618 INFO  [pyramid_rewrite][MainThread] Matching pattern "/" against "/_debug_toolbar/static/css/toolbar.css" 
2012-02-01 15:08:55,618 INFO  [pyramid_rewrite][MainThread] Matching pattern "/favicon.ico" against "/_debug_toolbar/static/css/toolbar.css" 
2012-02-01 15:08:55,618 INFO  [pyramid_rewrite][MainThread] Matching pattern "/gallery/(?P<subpath>.*)" against "/_debug_toolbar/static/css/toolbar.css" 
2012-02-01 15:09:55,573 INFO  [pyramid_rewrite][MainThread] Matching pattern "/" against "/about" 
2012-02-01 15:09:55,573 INFO  [pyramid_rewrite][MainThread] Matching pattern "/favicon.ico" against "/about" 
2012-02-01 15:09:55,574 INFO  [pyramid_rewrite][MainThread] Matching pattern "/about" against "/about" 
2012-02-01 15:09:55,574 INFO  [pyramid_rewrite][MainThread] Rewriting url: /about --> /hepp/about/
2012-02-01 15:09:55,575 INFO  [pyramid_rewrite][MainThread] Matching pattern "/gallery/(?P<subpath>.*)" against "/hepp/about/" 
2012-02-01 15:09:56,139 INFO  [pyramid_rewrite][MainThread] Matching pattern "/" against "/_debug_toolbar/static/css/toolbar.css" 
2012-02-01 15:09:56,140 INFO  [pyramid_rewrite][MainThread] Matching pattern "/favicon.ico" against "/_debug_toolbar/static/css/toolbar.css" 
2012-02-01 15:09:56,141 INFO  [pyramid_rewrite][MainThread] Matching pattern "/about" against "/_debug_toolbar/static/css/toolbar.css" 
2012-02-01 15:09:56,142 INFO  [pyramid_rewrite][MainThread] Matching pattern "/gallery/(?P<subpath>.*)" against "/_debug_toolbar/static/css/toolbar.css" 
2012-02-01 15:09:59,374 INFO  [pyramid_rewrite][MainThread] Matching pattern "/" against "/hepp/gallery/@@" 
2012-02-01 15:09:59,375 INFO  [pyramid_rewrite][MainThread] Matching pattern "/favicon.ico" against "/hepp/gallery/@@" 
2012-02-01 15:09:59,375 INFO  [pyramid_rewrite][MainThread] Matching pattern "/about" against "/hepp/gallery/@@" 
2012-02-01 15:09:59,376 INFO  [pyramid_rewrite][MainThread] Matching pattern "/gallery/(?P<subpath>.*)" against "/hepp/gallery/@@" 
2012-02-01 15:09:59,518 INFO  [pyramid_rewrite][MainThread] Matching pattern "/" against "/_debug_toolbar/static/css/toolbar.css" 
2012-02-01 15:09:59,518 INFO  [pyramid_rewrite][MainThread] Matching pattern "/favicon.ico" against "/_debug_toolbar/static/css/toolbar.css" 
2012-02-01 15:09:59,519 INFO  [pyramid_rewrite][MainThread] Matching pattern "/about" against "/_debug_toolbar/static/css/toolbar.css" 
2012-02-01 15:09:59,519 INFO  [pyramid_rewrite][MainThread] Matching pattern "/gallery/(?P<subpath>.*)" against "/_debug_toolbar/static/css/toolbar.css" 
